2026-04-10 17:42:26,572 - INFO - Starting training: ant_bee_processed_20260129, classes:2
2026-04-10 17:42:26,572 - INFO - Model:EfficientVet-b0, loss:CrossEntropyLoss, class_weighted:True
2026-04-10 17:42:26,573 - INFO - Optimizer:sgd, lr:0.001, weight_decay:0.0001
2026-04-10 17:42:26,573 - INFO - Epochs:200, batch_size:64, early_stop:50
2026-04-10 17:42:26,578 - INFO - Using cuda device
2026-04-10 17:42:28,339 - INFO - Training configuration saved to experiments\ant_bee_processed_20260129\EfficientVet-b0\sgd_0.001_0.0001_64_200_50_exp1\training_config.json
2026-04-10 17:42:28,367 - INFO - Epoch 1/200 --------------------------------------------------
2026-04-10 17:42:42,810 - INFO - Train - Loss: 0.721227, Acc: 47.33%
2026-04-10 17:42:42,816 - INFO - Val   - Loss: 0.692869, Acc: 48.85%
2026-04-10 17:42:43,912 - INFO - Epoch time: 16s

2026-04-10 17:42:43,912 - INFO - Epoch 2/200 --------------------------------------------------
2026-04-10 17:42:54,041 - INFO - Train - Loss: 0.690399, Acc: 51.50%
2026-04-10 17:42:54,042 - INFO - Val   - Loss: 0.658946, Acc: 58.02%
2026-04-10 17:42:54,915 - INFO - Epoch time: 11s

2026-04-10 17:42:54,916 - INFO - Epoch 3/200 --------------------------------------------------
2026-04-10 17:43:04,244 - INFO - Train - Loss: 0.655953, Acc: 60.33%
2026-04-10 17:43:04,245 - INFO - Val   - Loss: 0.621392, Acc: 65.65%
2026-04-10 17:43:05,186 - INFO - Epoch time: 10s

2026-04-10 17:43:05,187 - INFO - Epoch 4/200 --------------------------------------------------
2026-04-10 17:43:14,654 - INFO - Train - Loss: 0.617477, Acc: 70.17%
2026-04-10 17:43:14,654 - INFO - Val   - Loss: 0.593843, Acc: 73.28%
2026-04-10 17:43:15,651 - INFO - Epoch time: 10s

2026-04-10 17:43:15,652 - INFO - Epoch 5/200 --------------------------------------------------
2026-04-10 17:43:25,012 - INFO - Train - Loss: 0.577670, Acc: 77.50%
2026-04-10 17:43:25,012 - INFO - Val   - Loss: 0.564429, Acc: 80.92%
2026-04-10 17:43:25,939 - INFO - Epoch time: 10s

2026-04-10 17:43:25,941 - INFO - Epoch 6/200 --------------------------------------------------
2026-04-10 17:43:35,133 - INFO - Train - Loss: 0.544928, Acc: 82.33%
2026-04-10 17:43:35,134 - INFO - Val   - Loss: 0.540866, Acc: 84.73%
2026-04-10 17:43:36,037 - INFO - Epoch time: 10s

2026-04-10 17:43:36,040 - INFO - Epoch 7/200 --------------------------------------------------
2026-04-10 17:43:45,416 - INFO - Train - Loss: 0.515382, Acc: 83.83%
2026-04-10 17:43:45,416 - INFO - Val   - Loss: 0.520465, Acc: 87.02%
2026-04-10 17:43:46,212 - INFO - Epoch time: 10s

2026-04-10 17:43:46,213 - INFO - Epoch 8/200 --------------------------------------------------
2026-04-10 17:43:55,465 - INFO - Train - Loss: 0.485058, Acc: 88.17%
2026-04-10 17:43:55,465 - INFO - Val   - Loss: 0.498931, Acc: 88.55%
2026-04-10 17:43:56,097 - INFO - Epoch time: 10s

2026-04-10 17:43:56,098 - INFO - Epoch 9/200 --------------------------------------------------
2026-04-10 17:44:03,095 - INFO - Train - Loss: 0.453902, Acc: 90.33%
2026-04-10 17:44:03,096 - INFO - Val   - Loss: 0.471053, Acc: 88.55%
2026-04-10 17:44:03,096 - INFO - No improvement for 1 epoch(s)
2026-04-10 17:44:03,700 - INFO - Epoch time: 8s

2026-04-10 17:44:03,702 - INFO - Epoch 10/200 --------------------------------------------------
2026-04-10 17:44:10,666 - INFO - Train - Loss: 0.421731, Acc: 89.17%
2026-04-10 17:44:10,666 - INFO - Val   - Loss: 0.443906, Acc: 90.08%
2026-04-10 17:44:11,252 - INFO - Epoch time: 8s

2026-04-10 17:44:11,253 - INFO - Epoch 11/200 --------------------------------------------------
2026-04-10 17:44:18,191 - INFO - Train - Loss: 0.391562, Acc: 91.17%
2026-04-10 17:44:18,192 - INFO - Val   - Loss: 0.424676, Acc: 90.84%
2026-04-10 17:44:18,798 - INFO - Epoch time: 8s

2026-04-10 17:44:18,798 - INFO - Epoch 12/200 --------------------------------------------------
2026-04-10 17:44:25,819 - INFO - Train - Loss: 0.364032, Acc: 91.00%
2026-04-10 17:44:25,819 - INFO - Val   - Loss: 0.395122, Acc: 93.13%
2026-04-10 17:44:26,449 - INFO - Epoch time: 8s

2026-04-10 17:44:26,449 - INFO - Epoch 13/200 --------------------------------------------------
2026-04-10 17:44:33,438 - INFO - Train - Loss: 0.349031, Acc: 91.50%
2026-04-10 17:44:33,438 - INFO - Val   - Loss: 0.378308, Acc: 93.13%
2026-04-10 17:44:33,438 - INFO - No improvement for 1 epoch(s)
2026-04-10 17:44:34,185 - INFO - Epoch time: 8s

2026-04-10 17:44:34,186 - INFO - Epoch 14/200 --------------------------------------------------
2026-04-10 17:44:41,083 - INFO - Train - Loss: 0.316746, Acc: 92.83%
2026-04-10 17:44:41,084 - INFO - Val   - Loss: 0.363059, Acc: 93.13%
2026-04-10 17:44:41,084 - INFO - No improvement for 2 epoch(s)
2026-04-10 17:44:41,682 - INFO - Epoch time: 7s

2026-04-10 17:44:41,683 - INFO - Epoch 15/200 --------------------------------------------------
2026-04-10 17:44:48,924 - INFO - Train - Loss: 0.287659, Acc: 92.50%
2026-04-10 17:44:48,924 - INFO - Val   - Loss: 0.332823, Acc: 93.89%
2026-04-10 17:44:49,534 - INFO - Epoch time: 8s

2026-04-10 17:44:49,534 - INFO - Epoch 16/200 --------------------------------------------------
2026-04-10 17:44:56,620 - INFO - Train - Loss: 0.269455, Acc: 93.50%
2026-04-10 17:44:56,620 - INFO - Val   - Loss: 0.318127, Acc: 93.89%
2026-04-10 17:44:56,620 - INFO - No improvement for 1 epoch(s)
2026-04-10 17:44:57,176 - INFO - Epoch time: 8s

2026-04-10 17:44:57,176 - INFO - Epoch 17/200 --------------------------------------------------
2026-04-10 17:45:04,486 - INFO - Train - Loss: 0.265297, Acc: 94.00%
2026-04-10 17:45:04,486 - INFO - Val   - Loss: 0.289110, Acc: 93.89%
2026-04-10 17:45:04,487 - INFO - No improvement for 2 epoch(s)
2026-04-10 17:45:05,044 - INFO - Epoch time: 8s

2026-04-10 17:45:05,044 - INFO - Epoch 18/200 --------------------------------------------------
2026-04-10 17:45:12,263 - INFO - Train - Loss: 0.242344, Acc: 94.00%
2026-04-10 17:45:12,263 - INFO - Val   - Loss: 0.282022, Acc: 94.66%
2026-04-10 17:45:12,927 - INFO - Epoch time: 8s

2026-04-10 17:45:12,927 - INFO - Epoch 19/200 --------------------------------------------------
2026-04-10 17:45:20,274 - INFO - Train - Loss: 0.223680, Acc: 93.33%
2026-04-10 17:45:20,274 - INFO - Val   - Loss: 0.260848, Acc: 93.89%
2026-04-10 17:45:20,274 - INFO - No improvement for 1 epoch(s)
2026-04-10 17:45:20,839 - INFO - Epoch time: 8s

2026-04-10 17:45:20,839 - INFO - Epoch 20/200 --------------------------------------------------
2026-04-10 17:45:28,377 - INFO - Train - Loss: 0.212993, Acc: 92.67%
2026-04-10 17:45:28,377 - INFO - Val   - Loss: 0.251375, Acc: 94.66%
2026-04-10 17:45:28,378 - INFO - No improvement for 2 epoch(s)
2026-04-10 17:45:28,952 - INFO - Epoch time: 8s

2026-04-10 17:45:28,952 - INFO - Epoch 21/200 --------------------------------------------------
2026-04-10 17:45:36,158 - INFO - Train - Loss: 0.195442, Acc: 94.17%
2026-04-10 17:45:36,159 - INFO - Val   - Loss: 0.248346, Acc: 94.66%
2026-04-10 17:45:36,159 - INFO - No improvement for 3 epoch(s)
2026-04-10 17:45:36,749 - INFO - Epoch time: 8s

2026-04-10 17:45:36,749 - INFO - Epoch 22/200 --------------------------------------------------
2026-04-10 17:45:45,482 - INFO - Train - Loss: 0.195214, Acc: 94.17%
2026-04-10 17:45:45,482 - INFO - Val   - Loss: 0.227141, Acc: 95.42%
2026-04-10 17:45:46,186 - INFO - Epoch time: 9s

2026-04-10 17:45:46,187 - INFO - Epoch 23/200 --------------------------------------------------
2026-04-10 17:45:54,809 - INFO - Train - Loss: 0.178142, Acc: 94.00%
2026-04-10 17:45:54,810 - INFO - Val   - Loss: 0.226448, Acc: 94.66%
2026-04-10 17:45:54,811 - INFO - No improvement for 1 epoch(s)
2026-04-10 17:45:55,510 - INFO - Epoch time: 9s

2026-04-10 17:45:55,511 - INFO - Epoch 24/200 --------------------------------------------------
2026-04-10 17:46:03,891 - INFO - Train - Loss: 0.161905, Acc: 96.33%
2026-04-10 17:46:03,892 - INFO - Val   - Loss: 0.213218, Acc: 95.42%
2026-04-10 17:46:03,892 - INFO - No improvement for 2 epoch(s)
2026-04-10 17:46:04,670 - INFO - Epoch time: 9s

2026-04-10 17:46:04,672 - INFO - Epoch 25/200 --------------------------------------------------
2026-04-10 17:46:12,890 - INFO - Train - Loss: 0.164496, Acc: 96.50%
2026-04-10 17:46:12,890 - INFO - Val   - Loss: 0.192372, Acc: 95.42%
2026-04-10 17:46:12,891 - INFO - No improvement for 3 epoch(s)
2026-04-10 17:46:13,457 - INFO - Epoch time: 9s

2026-04-10 17:46:13,457 - INFO - Epoch 26/200 --------------------------------------------------
2026-04-10 17:46:20,462 - INFO - Train - Loss: 0.151060, Acc: 96.67%
2026-04-10 17:46:20,462 - INFO - Val   - Loss: 0.189676, Acc: 95.42%
2026-04-10 17:46:20,463 - INFO - No improvement for 4 epoch(s)
2026-04-10 17:46:20,997 - INFO - Epoch time: 8s

2026-04-10 17:46:20,998 - INFO - Epoch 27/200 --------------------------------------------------
2026-04-10 17:46:27,919 - INFO - Train - Loss: 0.133364, Acc: 96.83%
2026-04-10 17:46:27,920 - INFO - Val   - Loss: 0.186949, Acc: 95.42%
2026-04-10 17:46:27,920 - INFO - No improvement for 5 epoch(s)
2026-04-10 17:46:28,592 - INFO - Epoch time: 8s

2026-04-10 17:46:28,593 - INFO - Epoch 28/200 --------------------------------------------------
2026-04-10 17:46:35,636 - INFO - Train - Loss: 0.143630, Acc: 95.17%
2026-04-10 17:46:35,637 - INFO - Val   - Loss: 0.179940, Acc: 95.42%
2026-04-10 17:46:35,637 - INFO - No improvement for 6 epoch(s)
2026-04-10 17:46:36,163 - INFO - Epoch time: 8s

2026-04-10 17:46:36,163 - INFO - Epoch 29/200 --------------------------------------------------
2026-04-10 17:46:43,256 - INFO - Train - Loss: 0.124651, Acc: 97.00%
2026-04-10 17:46:43,256 - INFO - Val   - Loss: 0.165835, Acc: 95.42%
2026-04-10 17:46:43,257 - INFO - No improvement for 7 epoch(s)
2026-04-10 17:46:43,841 - INFO - Epoch time: 8s

2026-04-10 17:46:43,842 - INFO - Epoch 30/200 --------------------------------------------------
2026-04-10 17:46:50,906 - INFO - Train - Loss: 0.132809, Acc: 96.17%
2026-04-10 17:46:50,906 - INFO - Val   - Loss: 0.158628, Acc: 95.42%
2026-04-10 17:46:50,906 - INFO - No improvement for 8 epoch(s)
2026-04-10 17:46:51,504 - INFO - Epoch time: 8s

2026-04-10 17:46:51,505 - INFO - Epoch 31/200 --------------------------------------------------
2026-04-10 17:46:58,758 - INFO - Train - Loss: 0.122210, Acc: 96.00%
2026-04-10 17:46:58,758 - INFO - Val   - Loss: 0.177720, Acc: 95.42%
2026-04-10 17:46:58,758 - INFO - No improvement for 9 epoch(s)
2026-04-10 17:46:59,328 - INFO - Epoch time: 8s

2026-04-10 17:46:59,328 - INFO - Epoch 32/200 --------------------------------------------------
2026-04-10 17:47:06,331 - INFO - Train - Loss: 0.123598, Acc: 96.00%
2026-04-10 17:47:06,331 - INFO - Val   - Loss: 0.163176, Acc: 95.42%
2026-04-10 17:47:06,332 - INFO - No improvement for 10 epoch(s)
2026-04-10 17:47:06,911 - INFO - Epoch time: 8s

2026-04-10 17:47:06,911 - INFO - Epoch 33/200 --------------------------------------------------
2026-04-10 17:47:14,251 - INFO - Train - Loss: 0.110162, Acc: 96.83%
2026-04-10 17:47:14,251 - INFO - Val   - Loss: 0.165240, Acc: 95.42%
2026-04-10 17:47:14,251 - INFO - No improvement for 11 epoch(s)
2026-04-10 17:47:14,810 - INFO - Epoch time: 8s

2026-04-10 17:47:14,811 - INFO - Epoch 34/200 --------------------------------------------------
2026-04-10 17:47:22,260 - INFO - Train - Loss: 0.118920, Acc: 97.33%
2026-04-10 17:47:22,261 - INFO - Val   - Loss: 0.143246, Acc: 95.42%
2026-04-10 17:47:22,261 - INFO - No improvement for 12 epoch(s)
2026-04-10 17:47:22,852 - INFO - Epoch time: 8s

2026-04-10 17:47:22,853 - INFO - Epoch 35/200 --------------------------------------------------
2026-04-10 17:47:29,929 - INFO - Train - Loss: 0.097977, Acc: 97.00%
2026-04-10 17:47:29,929 - INFO - Val   - Loss: 0.143798, Acc: 95.42%
2026-04-10 17:47:29,929 - INFO - No improvement for 13 epoch(s)
2026-04-10 17:47:30,508 - INFO - Epoch time: 8s

2026-04-10 17:47:30,509 - INFO - Epoch 36/200 --------------------------------------------------
2026-04-10 17:47:37,766 - INFO - Train - Loss: 0.108861, Acc: 97.00%
2026-04-10 17:47:37,766 - INFO - Val   - Loss: 0.137612, Acc: 95.42%
2026-04-10 17:47:37,766 - INFO - No improvement for 14 epoch(s)
2026-04-10 17:47:38,389 - INFO - Epoch time: 8s

2026-04-10 17:47:38,390 - INFO - Epoch 37/200 --------------------------------------------------
2026-04-10 17:47:45,619 - INFO - Train - Loss: 0.091900, Acc: 97.17%
2026-04-10 17:47:45,620 - INFO - Val   - Loss: 0.143658, Acc: 95.42%
2026-04-10 17:47:45,620 - INFO - No improvement for 15 epoch(s)
2026-04-10 17:47:46,248 - INFO - Epoch time: 8s

2026-04-10 17:47:46,249 - INFO - Epoch 38/200 --------------------------------------------------
2026-04-10 17:47:53,500 - INFO - Train - Loss: 0.083732, Acc: 98.50%
2026-04-10 17:47:53,501 - INFO - Val   - Loss: 0.149485, Acc: 95.42%
2026-04-10 17:47:53,501 - INFO - No improvement for 16 epoch(s)
2026-04-10 17:47:54,081 - INFO - Epoch time: 8s

2026-04-10 17:47:54,081 - INFO - Epoch 39/200 --------------------------------------------------
2026-04-10 17:48:01,407 - INFO - Train - Loss: 0.088654, Acc: 97.67%
2026-04-10 17:48:01,408 - INFO - Val   - Loss: 0.131376, Acc: 95.42%
2026-04-10 17:48:01,408 - INFO - No improvement for 17 epoch(s)
2026-04-10 17:48:02,023 - INFO - Epoch time: 8s

2026-04-10 17:48:02,024 - INFO - Epoch 40/200 --------------------------------------------------
2026-04-10 17:48:09,102 - INFO - Train - Loss: 0.086168, Acc: 97.50%
2026-04-10 17:48:09,103 - INFO - Val   - Loss: 0.126082, Acc: 95.42%
2026-04-10 17:48:09,103 - INFO - No improvement for 18 epoch(s)
2026-04-10 17:48:09,714 - INFO - Epoch time: 8s

2026-04-10 17:48:09,715 - INFO - Epoch 41/200 --------------------------------------------------
2026-04-10 17:48:16,741 - INFO - Train - Loss: 0.088348, Acc: 96.83%
2026-04-10 17:48:16,741 - INFO - Val   - Loss: 0.118492, Acc: 95.42%
2026-04-10 17:48:16,741 - INFO - No improvement for 19 epoch(s)
2026-04-10 17:48:17,457 - INFO - Epoch time: 8s

2026-04-10 17:48:17,457 - INFO - Epoch 42/200 --------------------------------------------------
2026-04-10 17:48:24,483 - INFO - Train - Loss: 0.079663, Acc: 98.00%
2026-04-10 17:48:24,484 - INFO - Val   - Loss: 0.117568, Acc: 95.42%
2026-04-10 17:48:24,484 - INFO - No improvement for 20 epoch(s)
2026-04-10 17:48:25,042 - INFO - Epoch time: 8s

2026-04-10 17:48:25,043 - INFO - Epoch 43/200 --------------------------------------------------
2026-04-10 17:48:32,156 - INFO - Train - Loss: 0.075540, Acc: 97.67%
2026-04-10 17:48:32,156 - INFO - Val   - Loss: 0.116256, Acc: 95.42%
2026-04-10 17:48:32,156 - INFO - No improvement for 21 epoch(s)
2026-04-10 17:48:32,684 - INFO - Epoch time: 8s

2026-04-10 17:48:32,685 - INFO - Epoch 44/200 --------------------------------------------------
2026-04-10 17:48:39,564 - INFO - Train - Loss: 0.076320, Acc: 98.00%
2026-04-10 17:48:39,564 - INFO - Val   - Loss: 0.107948, Acc: 95.42%
2026-04-10 17:48:39,564 - INFO - No improvement for 22 epoch(s)
2026-04-10 17:48:40,094 - INFO - Epoch time: 7s

2026-04-10 17:48:40,094 - INFO - Epoch 45/200 --------------------------------------------------
2026-04-10 17:48:47,045 - INFO - Train - Loss: 0.076129, Acc: 97.17%
2026-04-10 17:48:47,045 - INFO - Val   - Loss: 0.109860, Acc: 95.42%
2026-04-10 17:48:47,045 - INFO - No improvement for 23 epoch(s)
2026-04-10 17:48:47,588 - INFO - Epoch time: 7s

2026-04-10 17:48:47,590 - INFO - Epoch 46/200 --------------------------------------------------
2026-04-10 17:48:55,090 - INFO - Train - Loss: 0.081787, Acc: 97.50%
2026-04-10 17:48:55,090 - INFO - Val   - Loss: 0.100218, Acc: 95.42%
2026-04-10 17:48:55,090 - INFO - No improvement for 24 epoch(s)
2026-04-10 17:48:55,628 - INFO - Epoch time: 8s

2026-04-10 17:48:55,629 - INFO - Epoch 47/200 --------------------------------------------------
2026-04-10 17:49:02,972 - INFO - Train - Loss: 0.076083, Acc: 97.67%
2026-04-10 17:49:02,973 - INFO - Val   - Loss: 0.101578, Acc: 95.42%
2026-04-10 17:49:02,973 - INFO - No improvement for 25 epoch(s)
2026-04-10 17:49:03,538 - INFO - Epoch time: 8s

2026-04-10 17:49:03,539 - INFO - Epoch 48/200 --------------------------------------------------
2026-04-10 17:49:10,726 - INFO - Train - Loss: 0.077315, Acc: 98.17%
2026-04-10 17:49:10,727 - INFO - Val   - Loss: 0.096881, Acc: 95.42%
2026-04-10 17:49:10,727 - INFO - No improvement for 26 epoch(s)
2026-04-10 17:49:11,276 - INFO - Epoch time: 8s

2026-04-10 17:49:11,276 - INFO - Epoch 49/200 --------------------------------------------------
2026-04-10 17:49:18,292 - INFO - Train - Loss: 0.068786, Acc: 97.83%
2026-04-10 17:49:18,293 - INFO - Val   - Loss: 0.099300, Acc: 95.42%
2026-04-10 17:49:18,293 - INFO - No improvement for 27 epoch(s)
2026-04-10 17:49:18,853 - INFO - Epoch time: 8s

2026-04-10 17:49:18,854 - INFO - Epoch 50/200 --------------------------------------------------
2026-04-10 17:49:26,152 - INFO - Train - Loss: 0.056671, Acc: 98.67%
2026-04-10 17:49:26,153 - INFO - Val   - Loss: 0.098633, Acc: 95.42%
2026-04-10 17:49:26,153 - INFO - No improvement for 28 epoch(s)
2026-04-10 17:49:26,716 - INFO - Epoch time: 8s

2026-04-10 17:49:26,718 - INFO - Epoch 51/200 --------------------------------------------------
2026-04-10 17:49:33,981 - INFO - Train - Loss: 0.068917, Acc: 97.83%
2026-04-10 17:49:33,982 - INFO - Val   - Loss: 0.087971, Acc: 96.18%
2026-04-10 17:49:34,607 - INFO - Epoch time: 8s

2026-04-10 17:49:34,608 - INFO - Epoch 52/200 --------------------------------------------------
2026-04-10 17:49:42,869 - INFO - Train - Loss: 0.071171, Acc: 98.17%
2026-04-10 17:49:42,870 - INFO - Val   - Loss: 0.079923, Acc: 96.18%
2026-04-10 17:49:42,870 - INFO - No improvement for 1 epoch(s)
2026-04-10 17:49:43,576 - INFO - Epoch time: 9s

2026-04-10 17:49:43,577 - INFO - Epoch 53/200 --------------------------------------------------
2026-04-10 17:49:52,949 - INFO - Train - Loss: 0.062840, Acc: 98.33%
2026-04-10 17:49:52,950 - INFO - Val   - Loss: 0.081723, Acc: 95.42%
2026-04-10 17:49:52,950 - INFO - No improvement for 2 epoch(s)
2026-04-10 17:49:53,664 - INFO - Epoch time: 10s

2026-04-10 17:49:53,664 - INFO - Epoch 54/200 --------------------------------------------------
2026-04-10 17:50:02,534 - INFO - Train - Loss: 0.047720, Acc: 98.67%
2026-04-10 17:50:02,535 - INFO - Val   - Loss: 0.085697, Acc: 95.42%
2026-04-10 17:50:02,535 - INFO - No improvement for 3 epoch(s)
2026-04-10 17:50:03,236 - INFO - Epoch time: 10s

2026-04-10 17:50:03,237 - INFO - Epoch 55/200 --------------------------------------------------
2026-04-10 17:50:11,696 - INFO - Train - Loss: 0.054012, Acc: 98.67%
2026-04-10 17:50:11,696 - INFO - Val   - Loss: 0.073812, Acc: 96.18%
2026-04-10 17:50:11,696 - INFO - No improvement for 4 epoch(s)
2026-04-10 17:50:12,571 - INFO - Epoch time: 9s

2026-04-10 17:50:12,571 - INFO - Epoch 56/200 --------------------------------------------------
2026-04-10 17:50:21,391 - INFO - Train - Loss: 0.054308, Acc: 98.17%
2026-04-10 17:50:21,391 - INFO - Val   - Loss: 0.080336, Acc: 96.18%
2026-04-10 17:50:21,391 - INFO - No improvement for 5 epoch(s)
2026-04-10 17:50:22,138 - INFO - Epoch time: 10s

2026-04-10 17:50:22,139 - INFO - Epoch 57/200 --------------------------------------------------
2026-04-10 17:50:30,765 - INFO - Train - Loss: 0.056941, Acc: 98.50%
2026-04-10 17:50:30,766 - INFO - Val   - Loss: 0.082967, Acc: 95.42%
2026-04-10 17:50:30,766 - INFO - No improvement for 6 epoch(s)
2026-04-10 17:50:31,506 - INFO - Epoch time: 9s

2026-04-10 17:50:31,506 - INFO - Epoch 58/200 --------------------------------------------------
2026-04-10 17:50:40,401 - INFO - Train - Loss: 0.064367, Acc: 98.33%
2026-04-10 17:50:40,402 - INFO - Val   - Loss: 0.076660, Acc: 95.42%
2026-04-10 17:50:40,403 - INFO - No improvement for 7 epoch(s)
2026-04-10 17:50:41,135 - INFO - Epoch time: 10s

2026-04-10 17:50:41,136 - INFO - Epoch 59/200 --------------------------------------------------
2026-04-10 17:50:49,722 - INFO - Train - Loss: 0.056855, Acc: 98.17%
2026-04-10 17:50:49,722 - INFO - Val   - Loss: 0.076852, Acc: 95.42%
2026-04-10 17:50:49,722 - INFO - No improvement for 8 epoch(s)
2026-04-10 17:50:50,441 - INFO - Epoch time: 9s

2026-04-10 17:50:50,441 - INFO - Epoch 60/200 --------------------------------------------------
2026-04-10 17:50:59,007 - INFO - Train - Loss: 0.048382, Acc: 98.67%
2026-04-10 17:50:59,008 - INFO - Val   - Loss: 0.077468, Acc: 96.18%
2026-04-10 17:50:59,008 - INFO - No improvement for 9 epoch(s)
2026-04-10 17:50:59,770 - INFO - Epoch time: 9s

2026-04-10 17:50:59,770 - INFO - Epoch 61/200 --------------------------------------------------
2026-04-10 17:51:08,189 - INFO - Train - Loss: 0.058543, Acc: 98.17%
2026-04-10 17:51:08,189 - INFO - Val   - Loss: 0.074499, Acc: 96.18%
2026-04-10 17:51:08,189 - INFO - No improvement for 10 epoch(s)
2026-04-10 17:51:08,914 - INFO - Epoch time: 9s

2026-04-10 17:51:08,914 - INFO - Epoch 62/200 --------------------------------------------------
2026-04-10 17:51:17,279 - INFO - Train - Loss: 0.046865, Acc: 99.00%
2026-04-10 17:51:17,280 - INFO - Val   - Loss: 0.077979, Acc: 96.18%
2026-04-10 17:51:17,280 - INFO - No improvement for 11 epoch(s)
2026-04-10 17:51:17,999 - INFO - Epoch time: 9s

2026-04-10 17:51:18,000 - INFO - Epoch 63/200 --------------------------------------------------
2026-04-10 17:51:26,268 - INFO - Train - Loss: 0.040968, Acc: 99.17%
2026-04-10 17:51:26,268 - INFO - Val   - Loss: 0.080830, Acc: 96.18%
2026-04-10 17:51:26,268 - INFO - No improvement for 12 epoch(s)
2026-04-10 17:51:27,033 - INFO - Epoch time: 9s

2026-04-10 17:51:27,034 - INFO - Epoch 64/200 --------------------------------------------------
2026-04-10 17:51:35,304 - INFO - Train - Loss: 0.047561, Acc: 98.33%
2026-04-10 17:51:35,305 - INFO - Val   - Loss: 0.076481, Acc: 96.18%
2026-04-10 17:51:35,305 - INFO - No improvement for 13 epoch(s)
2026-04-10 17:51:36,020 - INFO - Epoch time: 9s

2026-04-10 17:51:36,020 - INFO - Epoch 65/200 --------------------------------------------------
2026-04-10 17:51:44,282 - INFO - Train - Loss: 0.047891, Acc: 98.17%
2026-04-10 17:51:44,282 - INFO - Val   - Loss: 0.078768, Acc: 96.18%
2026-04-10 17:51:44,282 - INFO - No improvement for 14 epoch(s)
2026-04-10 17:51:45,098 - INFO - Epoch time: 9s

2026-04-10 17:51:45,099 - INFO - Epoch 66/200 --------------------------------------------------
2026-04-10 17:51:53,518 - INFO - Train - Loss: 0.044831, Acc: 98.67%
2026-04-10 17:51:53,518 - INFO - Val   - Loss: 0.071884, Acc: 96.95%
2026-04-10 17:51:54,345 - INFO - Epoch time: 9s

2026-04-10 17:51:54,347 - INFO - Epoch 67/200 --------------------------------------------------
2026-04-10 17:52:02,748 - INFO - Train - Loss: 0.037458, Acc: 99.50%
2026-04-10 17:52:02,748 - INFO - Val   - Loss: 0.067614, Acc: 96.95%
2026-04-10 17:52:02,748 - INFO - No improvement for 1 epoch(s)
2026-04-10 17:52:03,502 - INFO - Epoch time: 9s

2026-04-10 17:52:03,502 - INFO - Epoch 68/200 --------------------------------------------------
2026-04-10 17:52:12,021 - INFO - Train - Loss: 0.045507, Acc: 98.67%
2026-04-10 17:52:12,022 - INFO - Val   - Loss: 0.071977, Acc: 96.95%
2026-04-10 17:52:12,022 - INFO - No improvement for 2 epoch(s)
2026-04-10 17:52:12,786 - INFO - Epoch time: 9s

2026-04-10 17:52:12,786 - INFO - Epoch 69/200 --------------------------------------------------
2026-04-10 17:52:21,193 - INFO - Train - Loss: 0.045303, Acc: 98.50%
2026-04-10 17:52:21,194 - INFO - Val   - Loss: 0.079202, Acc: 96.18%
2026-04-10 17:52:21,194 - INFO - No improvement for 3 epoch(s)
2026-04-10 17:52:22,121 - INFO - Epoch time: 9s

2026-04-10 17:52:22,121 - INFO - Epoch 70/200 --------------------------------------------------
2026-04-10 17:52:30,825 - INFO - Train - Loss: 0.042304, Acc: 98.67%
2026-04-10 17:52:30,825 - INFO - Val   - Loss: 0.072001, Acc: 96.18%
2026-04-10 17:52:30,825 - INFO - No improvement for 4 epoch(s)
2026-04-10 17:52:31,589 - INFO - Epoch time: 9s

2026-04-10 17:52:31,589 - INFO - Epoch 71/200 --------------------------------------------------
2026-04-10 17:52:40,062 - INFO - Train - Loss: 0.039884, Acc: 99.00%
2026-04-10 17:52:40,062 - INFO - Val   - Loss: 0.069617, Acc: 96.95%
2026-04-10 17:52:40,062 - INFO - No improvement for 5 epoch(s)
2026-04-10 17:52:40,806 - INFO - Epoch time: 9s

2026-04-10 17:52:40,807 - INFO - Epoch 72/200 --------------------------------------------------
2026-04-10 17:52:49,920 - INFO - Train - Loss: 0.035755, Acc: 99.50%
2026-04-10 17:52:49,920 - INFO - Val   - Loss: 0.072500, Acc: 96.18%
2026-04-10 17:52:49,920 - INFO - No improvement for 6 epoch(s)
2026-04-10 17:52:50,767 - INFO - Epoch time: 10s

2026-04-10 17:52:50,768 - INFO - Epoch 73/200 --------------------------------------------------
2026-04-10 17:52:59,590 - INFO - Train - Loss: 0.034293, Acc: 99.33%
2026-04-10 17:52:59,591 - INFO - Val   - Loss: 0.071550, Acc: 96.95%
2026-04-10 17:52:59,591 - INFO - No improvement for 7 epoch(s)
2026-04-10 17:53:00,325 - INFO - Epoch time: 10s

2026-04-10 17:53:00,327 - INFO - Epoch 74/200 --------------------------------------------------
2026-04-10 17:53:08,832 - INFO - Train - Loss: 0.041485, Acc: 98.83%
2026-04-10 17:53:08,832 - INFO - Val   - Loss: 0.065096, Acc: 97.71%
2026-04-10 17:53:09,629 - INFO - Epoch time: 9s

2026-04-10 17:53:09,631 - INFO - Epoch 75/200 --------------------------------------------------
2026-04-10 17:53:17,868 - INFO - Train - Loss: 0.035168, Acc: 98.83%
2026-04-10 17:53:17,868 - INFO - Val   - Loss: 0.065367, Acc: 96.95%
2026-04-10 17:53:17,868 - INFO - No improvement for 1 epoch(s)
2026-04-10 17:53:18,591 - INFO - Epoch time: 9s

2026-04-10 17:53:18,592 - INFO - Epoch 76/200 --------------------------------------------------
2026-04-10 17:53:26,734 - INFO - Train - Loss: 0.046701, Acc: 98.83%
2026-04-10 17:53:26,735 - INFO - Val   - Loss: 0.082289, Acc: 96.95%
2026-04-10 17:53:26,735 - INFO - No improvement for 2 epoch(s)
2026-04-10 17:53:27,456 - INFO - Epoch time: 9s

2026-04-10 17:53:27,457 - INFO - Epoch 77/200 --------------------------------------------------
2026-04-10 17:53:35,731 - INFO - Train - Loss: 0.036587, Acc: 98.83%
2026-04-10 17:53:35,731 - INFO - Val   - Loss: 0.062037, Acc: 97.71%
2026-04-10 17:53:35,731 - INFO - No improvement for 3 epoch(s)
2026-04-10 17:53:36,457 - INFO - Epoch time: 9s

2026-04-10 17:53:36,458 - INFO - Epoch 78/200 --------------------------------------------------
2026-04-10 17:53:44,733 - INFO - Train - Loss: 0.026924, Acc: 99.67%
2026-04-10 17:53:44,734 - INFO - Val   - Loss: 0.061065, Acc: 97.71%
2026-04-10 17:53:44,734 - INFO - No improvement for 4 epoch(s)
2026-04-10 17:53:45,505 - INFO - Epoch time: 9s

2026-04-10 17:53:45,506 - INFO - Epoch 79/200 --------------------------------------------------
2026-04-10 17:53:54,417 - INFO - Train - Loss: 0.033285, Acc: 99.00%
2026-04-10 17:53:54,417 - INFO - Val   - Loss: 0.061884, Acc: 96.95%
2026-04-10 17:53:54,417 - INFO - No improvement for 5 epoch(s)
2026-04-10 17:53:55,205 - INFO - Epoch time: 10s

2026-04-10 17:53:55,207 - INFO - Epoch 80/200 --------------------------------------------------
2026-04-10 17:54:03,865 - INFO - Train - Loss: 0.041441, Acc: 98.17%
2026-04-10 17:54:03,866 - INFO - Val   - Loss: 0.074751, Acc: 96.95%
2026-04-10 17:54:03,866 - INFO - No improvement for 6 epoch(s)
2026-04-10 17:54:04,622 - INFO - Epoch time: 9s

2026-04-10 17:54:04,624 - INFO - Epoch 81/200 --------------------------------------------------
2026-04-10 17:54:12,957 - INFO - Train - Loss: 0.035932, Acc: 98.33%
2026-04-10 17:54:12,957 - INFO - Val   - Loss: 0.061847, Acc: 96.95%
2026-04-10 17:54:12,957 - INFO - No improvement for 7 epoch(s)
2026-04-10 17:54:13,723 - INFO - Epoch time: 9s

2026-04-10 17:54:13,723 - INFO - Epoch 82/200 --------------------------------------------------
2026-04-10 17:54:22,025 - INFO - Train - Loss: 0.031938, Acc: 99.17%
2026-04-10 17:54:22,025 - INFO - Val   - Loss: 0.060432, Acc: 97.71%
2026-04-10 17:54:22,025 - INFO - No improvement for 8 epoch(s)
2026-04-10 17:54:22,770 - INFO - Epoch time: 9s

2026-04-10 17:54:22,771 - INFO - Epoch 83/200 --------------------------------------------------
2026-04-10 17:54:31,458 - INFO - Train - Loss: 0.035640, Acc: 98.67%
2026-04-10 17:54:31,458 - INFO - Val   - Loss: 0.058838, Acc: 97.71%
2026-04-10 17:54:31,458 - INFO - No improvement for 9 epoch(s)
2026-04-10 17:54:32,293 - INFO - Epoch time: 10s

2026-04-10 17:54:32,294 - INFO - Epoch 84/200 --------------------------------------------------
2026-04-10 17:54:40,616 - INFO - Train - Loss: 0.026768, Acc: 99.33%
2026-04-10 17:54:40,616 - INFO - Val   - Loss: 0.060408, Acc: 96.95%
2026-04-10 17:54:40,616 - INFO - No improvement for 10 epoch(s)
2026-04-10 17:54:41,314 - INFO - Epoch time: 9s

2026-04-10 17:54:41,314 - INFO - Epoch 85/200 --------------------------------------------------
2026-04-10 17:54:49,545 - INFO - Train - Loss: 0.023023, Acc: 99.50%
2026-04-10 17:54:49,546 - INFO - Val   - Loss: 0.057795, Acc: 97.71%
2026-04-10 17:54:49,546 - INFO - No improvement for 11 epoch(s)
2026-04-10 17:54:50,213 - INFO - Epoch time: 9s

2026-04-10 17:54:50,214 - INFO - Epoch 86/200 --------------------------------------------------
2026-04-10 17:54:58,384 - INFO - Train - Loss: 0.029918, Acc: 98.83%
2026-04-10 17:54:58,384 - INFO - Val   - Loss: 0.057725, Acc: 97.71%
2026-04-10 17:54:58,384 - INFO - No improvement for 12 epoch(s)
2026-04-10 17:54:59,060 - INFO - Epoch time: 9s

2026-04-10 17:54:59,060 - INFO - Epoch 87/200 --------------------------------------------------
2026-04-10 17:55:07,176 - INFO - Train - Loss: 0.029168, Acc: 99.33%
2026-04-10 17:55:07,177 - INFO - Val   - Loss: 0.057560, Acc: 97.71%
2026-04-10 17:55:07,177 - INFO - No improvement for 13 epoch(s)
2026-04-10 17:55:07,837 - INFO - Epoch time: 9s

2026-04-10 17:55:07,838 - INFO - Epoch 88/200 --------------------------------------------------
2026-04-10 17:55:16,133 - INFO - Train - Loss: 0.027065, Acc: 99.33%
2026-04-10 17:55:16,134 - INFO - Val   - Loss: 0.054961, Acc: 97.71%
2026-04-10 17:55:16,134 - INFO - No improvement for 14 epoch(s)
2026-04-10 17:55:16,791 - INFO - Epoch time: 9s

2026-04-10 17:55:16,791 - INFO - Epoch 89/200 --------------------------------------------------
2026-04-10 17:55:25,051 - INFO - Train - Loss: 0.020647, Acc: 99.67%
2026-04-10 17:55:25,052 - INFO - Val   - Loss: 0.055779, Acc: 97.71%
2026-04-10 17:55:25,052 - INFO - No improvement for 15 epoch(s)
2026-04-10 17:55:25,719 - INFO - Epoch time: 9s

2026-04-10 17:55:25,720 - INFO - Epoch 90/200 --------------------------------------------------
2026-04-10 17:55:33,978 - INFO - Train - Loss: 0.023881, Acc: 99.67%
2026-04-10 17:55:33,978 - INFO - Val   - Loss: 0.056804, Acc: 97.71%
2026-04-10 17:55:33,979 - INFO - No improvement for 16 epoch(s)
2026-04-10 17:55:34,653 - INFO - Epoch time: 9s

2026-04-10 17:55:34,654 - INFO - Epoch 91/200 --------------------------------------------------
2026-04-10 17:55:43,053 - INFO - Train - Loss: 0.020760, Acc: 99.83%
2026-04-10 17:55:43,053 - INFO - Val   - Loss: 0.056483, Acc: 97.71%
2026-04-10 17:55:43,053 - INFO - No improvement for 17 epoch(s)
2026-04-10 17:55:43,745 - INFO - Epoch time: 9s

2026-04-10 17:55:43,747 - INFO - Epoch 92/200 --------------------------------------------------
2026-04-10 17:55:52,024 - INFO - Train - Loss: 0.035328, Acc: 98.83%
2026-04-10 17:55:52,025 - INFO - Val   - Loss: 0.057394, Acc: 97.71%
2026-04-10 17:55:52,025 - INFO - No improvement for 18 epoch(s)
2026-04-10 17:55:52,661 - INFO - Epoch time: 9s

2026-04-10 17:55:52,662 - INFO - Epoch 93/200 --------------------------------------------------
2026-04-10 17:56:01,037 - INFO - Train - Loss: 0.029176, Acc: 99.00%
2026-04-10 17:56:01,037 - INFO - Val   - Loss: 0.059571, Acc: 97.71%
2026-04-10 17:56:01,038 - INFO - No improvement for 19 epoch(s)
2026-04-10 17:56:01,720 - INFO - Epoch time: 9s

2026-04-10 17:56:01,721 - INFO - Epoch 94/200 --------------------------------------------------
2026-04-10 17:56:09,924 - INFO - Train - Loss: 0.031949, Acc: 98.17%
2026-04-10 17:56:09,926 - INFO - Val   - Loss: 0.062950, Acc: 96.95%
2026-04-10 17:56:09,926 - INFO - No improvement for 20 epoch(s)
2026-04-10 17:56:10,587 - INFO - Epoch time: 9s

2026-04-10 17:56:10,588 - INFO - Epoch 95/200 --------------------------------------------------
2026-04-10 17:56:18,847 - INFO - Train - Loss: 0.017920, Acc: 99.67%
2026-04-10 17:56:18,848 - INFO - Val   - Loss: 0.057552, Acc: 97.71%
2026-04-10 17:56:18,848 - INFO - No improvement for 21 epoch(s)
2026-04-10 17:56:19,501 - INFO - Epoch time: 9s

2026-04-10 17:56:19,502 - INFO - Epoch 96/200 --------------------------------------------------
2026-04-10 17:56:27,727 - INFO - Train - Loss: 0.022041, Acc: 99.83%
2026-04-10 17:56:27,727 - INFO - Val   - Loss: 0.057842, Acc: 97.71%
2026-04-10 17:56:27,727 - INFO - No improvement for 22 epoch(s)
2026-04-10 17:56:28,429 - INFO - Epoch time: 9s

2026-04-10 17:56:28,430 - INFO - Epoch 97/200 --------------------------------------------------
2026-04-10 17:56:36,642 - INFO - Train - Loss: 0.021284, Acc: 99.50%
2026-04-10 17:56:36,642 - INFO - Val   - Loss: 0.057240, Acc: 97.71%
2026-04-10 17:56:36,642 - INFO - No improvement for 23 epoch(s)
2026-04-10 17:56:37,505 - INFO - Epoch time: 9s

2026-04-10 17:56:37,505 - INFO - Epoch 98/200 --------------------------------------------------
2026-04-10 17:56:45,713 - INFO - Train - Loss: 0.022084, Acc: 99.33%
2026-04-10 17:56:45,713 - INFO - Val   - Loss: 0.056668, Acc: 97.71%
2026-04-10 17:56:45,714 - INFO - No improvement for 24 epoch(s)
2026-04-10 17:56:46,398 - INFO - Epoch time: 9s

2026-04-10 17:56:46,399 - INFO - Epoch 99/200 --------------------------------------------------
2026-04-10 17:56:54,783 - INFO - Train - Loss: 0.021282, Acc: 99.67%
2026-04-10 17:56:54,783 - INFO - Val   - Loss: 0.058430, Acc: 97.71%
2026-04-10 17:56:54,783 - INFO - No improvement for 25 epoch(s)
2026-04-10 17:56:55,456 - INFO - Epoch time: 9s

2026-04-10 17:56:55,457 - INFO - Epoch 100/200 --------------------------------------------------
2026-04-10 17:57:03,883 - INFO - Train - Loss: 0.023156, Acc: 99.50%
2026-04-10 17:57:03,883 - INFO - Val   - Loss: 0.059177, Acc: 97.71%
2026-04-10 17:57:03,883 - INFO - No improvement for 26 epoch(s)
2026-04-10 17:57:04,599 - INFO - Epoch time: 9s

2026-04-10 17:57:04,601 - INFO - Epoch 101/200 --------------------------------------------------
2026-04-10 17:57:12,764 - INFO - Train - Loss: 0.019564, Acc: 99.33%
2026-04-10 17:57:12,764 - INFO - Val   - Loss: 0.057824, Acc: 97.71%
2026-04-10 17:57:12,764 - INFO - No improvement for 27 epoch(s)
2026-04-10 17:57:13,474 - INFO - Epoch time: 9s

2026-04-10 17:57:13,475 - INFO - Epoch 102/200 --------------------------------------------------
2026-04-10 17:57:21,591 - INFO - Train - Loss: 0.025580, Acc: 99.50%
2026-04-10 17:57:21,591 - INFO - Val   - Loss: 0.056041, Acc: 97.71%
2026-04-10 17:57:21,591 - INFO - No improvement for 28 epoch(s)
2026-04-10 17:57:22,272 - INFO - Epoch time: 9s

2026-04-10 17:57:22,273 - INFO - Epoch 103/200 --------------------------------------------------
2026-04-10 17:57:30,932 - INFO - Train - Loss: 0.017791, Acc: 99.83%
2026-04-10 17:57:30,933 - INFO - Val   - Loss: 0.054335, Acc: 97.71%
2026-04-10 17:57:30,933 - INFO - No improvement for 29 epoch(s)
2026-04-10 17:57:31,632 - INFO - Epoch time: 9s

2026-04-10 17:57:31,632 - INFO - Epoch 104/200 --------------------------------------------------
2026-04-10 17:57:39,974 - INFO - Train - Loss: 0.021873, Acc: 99.67%
2026-04-10 17:57:39,974 - INFO - Val   - Loss: 0.054756, Acc: 97.71%
2026-04-10 17:57:39,975 - INFO - No improvement for 30 epoch(s)
2026-04-10 17:57:40,674 - INFO - Epoch time: 9s

2026-04-10 17:57:40,675 - INFO - Epoch 105/200 --------------------------------------------------
2026-04-10 17:57:49,144 - INFO - Train - Loss: 0.018947, Acc: 99.67%
2026-04-10 17:57:49,144 - INFO - Val   - Loss: 0.059414, Acc: 96.95%
2026-04-10 17:57:49,145 - INFO - No improvement for 31 epoch(s)
2026-04-10 17:57:49,839 - INFO - Epoch time: 9s

2026-04-10 17:57:49,839 - INFO - Epoch 106/200 --------------------------------------------------
2026-04-10 17:57:58,491 - INFO - Train - Loss: 0.016932, Acc: 99.67%
2026-04-10 17:57:58,492 - INFO - Val   - Loss: 0.063033, Acc: 96.95%
2026-04-10 17:57:58,492 - INFO - No improvement for 32 epoch(s)
2026-04-10 17:57:59,210 - INFO - Epoch time: 9s

2026-04-10 17:57:59,210 - INFO - Epoch 107/200 --------------------------------------------------
2026-04-10 17:58:07,607 - INFO - Train - Loss: 0.018496, Acc: 99.33%
2026-04-10 17:58:07,608 - INFO - Val   - Loss: 0.057662, Acc: 97.71%
2026-04-10 17:58:07,608 - INFO - No improvement for 33 epoch(s)
2026-04-10 17:58:08,398 - INFO - Epoch time: 9s

2026-04-10 17:58:08,398 - INFO - Epoch 108/200 --------------------------------------------------
2026-04-10 17:58:16,898 - INFO - Train - Loss: 0.015045, Acc: 99.67%
2026-04-10 17:58:16,899 - INFO - Val   - Loss: 0.056707, Acc: 97.71%
2026-04-10 17:58:16,899 - INFO - No improvement for 34 epoch(s)
2026-04-10 17:58:17,726 - INFO - Epoch time: 9s

2026-04-10 17:58:17,726 - INFO - Epoch 109/200 --------------------------------------------------
2026-04-10 17:58:26,196 - INFO - Train - Loss: 0.016734, Acc: 99.83%
2026-04-10 17:58:26,197 - INFO - Val   - Loss: 0.058345, Acc: 97.71%
2026-04-10 17:58:26,197 - INFO - No improvement for 35 epoch(s)
2026-04-10 17:58:26,889 - INFO - Epoch time: 9s

2026-04-10 17:58:26,890 - INFO - Epoch 110/200 --------------------------------------------------
2026-04-10 17:58:35,499 - INFO - Train - Loss: 0.012529, Acc: 100.00%
2026-04-10 17:58:35,500 - INFO - Val   - Loss: 0.057184, Acc: 97.71%
2026-04-10 17:58:35,500 - INFO - No improvement for 36 epoch(s)
2026-04-10 17:58:36,178 - INFO - Epoch time: 9s

2026-04-10 17:58:36,179 - INFO - Epoch 111/200 --------------------------------------------------
2026-04-10 17:58:44,686 - INFO - Train - Loss: 0.013838, Acc: 99.83%
2026-04-10 17:58:44,687 - INFO - Val   - Loss: 0.056091, Acc: 97.71%
2026-04-10 17:58:44,687 - INFO - No improvement for 37 epoch(s)
2026-04-10 17:58:45,407 - INFO - Epoch time: 9s

2026-04-10 17:58:45,408 - INFO - Epoch 112/200 --------------------------------------------------
2026-04-10 17:58:53,944 - INFO - Train - Loss: 0.013707, Acc: 99.83%
2026-04-10 17:58:53,944 - INFO - Val   - Loss: 0.053906, Acc: 97.71%
2026-04-10 17:58:53,944 - INFO - No improvement for 38 epoch(s)
2026-04-10 17:58:54,648 - INFO - Epoch time: 9s

2026-04-10 17:58:54,648 - INFO - Epoch 113/200 --------------------------------------------------
2026-04-10 17:59:03,012 - INFO - Train - Loss: 0.019597, Acc: 99.83%
2026-04-10 17:59:03,013 - INFO - Val   - Loss: 0.058403, Acc: 97.71%
2026-04-10 17:59:03,013 - INFO - No improvement for 39 epoch(s)
2026-04-10 17:59:03,749 - INFO - Epoch time: 9s

2026-04-10 17:59:03,750 - INFO - Epoch 114/200 --------------------------------------------------
2026-04-10 17:59:13,000 - INFO - Train - Loss: 0.016875, Acc: 99.50%
2026-04-10 17:59:13,000 - INFO - Val   - Loss: 0.053046, Acc: 97.71%
2026-04-10 17:59:13,000 - INFO - No improvement for 40 epoch(s)
2026-04-10 17:59:14,063 - INFO - Epoch time: 10s

2026-04-10 17:59:14,065 - INFO - Epoch 115/200 --------------------------------------------------
2026-04-10 17:59:23,729 - INFO - Train - Loss: 0.022374, Acc: 99.33%
2026-04-10 17:59:23,730 - INFO - Val   - Loss: 0.052780, Acc: 97.71%
2026-04-10 17:59:23,730 - INFO - No improvement for 41 epoch(s)
2026-04-10 17:59:24,530 - INFO - Epoch time: 10s

2026-04-10 17:59:24,531 - INFO - Epoch 116/200 --------------------------------------------------
2026-04-10 17:59:33,140 - INFO - Train - Loss: 0.018073, Acc: 99.50%
2026-04-10 17:59:33,140 - INFO - Val   - Loss: 0.052610, Acc: 97.71%
2026-04-10 17:59:33,142 - INFO - No improvement for 42 epoch(s)
2026-04-10 17:59:33,894 - INFO - Epoch time: 9s

2026-04-10 17:59:33,894 - INFO - Epoch 117/200 --------------------------------------------------
2026-04-10 17:59:42,057 - INFO - Train - Loss: 0.010935, Acc: 99.83%
2026-04-10 17:59:42,057 - INFO - Val   - Loss: 0.050817, Acc: 97.71%
2026-04-10 17:59:42,057 - INFO - No improvement for 43 epoch(s)
2026-04-10 17:59:42,803 - INFO - Epoch time: 9s

2026-04-10 17:59:42,804 - INFO - Epoch 118/200 --------------------------------------------------
2026-04-10 17:59:51,150 - INFO - Train - Loss: 0.012877, Acc: 100.00%
2026-04-10 17:59:51,151 - INFO - Val   - Loss: 0.051338, Acc: 97.71%
2026-04-10 17:59:51,151 - INFO - No improvement for 44 epoch(s)
2026-04-10 17:59:51,868 - INFO - Epoch time: 9s

2026-04-10 17:59:51,868 - INFO - Epoch 119/200 --------------------------------------------------
2026-04-10 18:00:00,074 - INFO - Train - Loss: 0.017284, Acc: 99.33%
2026-04-10 18:00:00,074 - INFO - Val   - Loss: 0.050964, Acc: 97.71%
2026-04-10 18:00:00,075 - INFO - No improvement for 45 epoch(s)
2026-04-10 18:00:00,797 - INFO - Epoch time: 9s

2026-04-10 18:00:00,797 - INFO - Epoch 120/200 --------------------------------------------------
2026-04-10 18:00:09,216 - INFO - Train - Loss: 0.012864, Acc: 100.00%
2026-04-10 18:00:09,216 - INFO - Val   - Loss: 0.051092, Acc: 97.71%
2026-04-10 18:00:09,217 - INFO - No improvement for 46 epoch(s)
2026-04-10 18:00:09,924 - INFO - Epoch time: 9s

2026-04-10 18:00:09,924 - INFO - Epoch 121/200 --------------------------------------------------
2026-04-10 18:00:18,530 - INFO - Train - Loss: 0.015221, Acc: 99.67%
2026-04-10 18:00:18,532 - INFO - Val   - Loss: 0.051103, Acc: 97.71%
2026-04-10 18:00:18,532 - INFO - No improvement for 47 epoch(s)
2026-04-10 18:00:19,307 - INFO - Epoch time: 9s

2026-04-10 18:00:19,308 - INFO - Epoch 122/200 --------------------------------------------------
2026-04-10 18:00:27,860 - INFO - Train - Loss: 0.012462, Acc: 100.00%
2026-04-10 18:00:27,860 - INFO - Val   - Loss: 0.052696, Acc: 97.71%
2026-04-10 18:00:27,860 - INFO - No improvement for 48 epoch(s)
2026-04-10 18:00:28,603 - INFO - Epoch time: 9s

2026-04-10 18:00:28,603 - INFO - Epoch 123/200 --------------------------------------------------
2026-04-10 18:00:37,066 - INFO - Train - Loss: 0.015142, Acc: 99.83%
2026-04-10 18:00:37,067 - INFO - Val   - Loss: 0.050195, Acc: 97.71%
2026-04-10 18:00:37,067 - INFO - No improvement for 49 epoch(s)
2026-04-10 18:00:37,792 - INFO - Epoch time: 9s

2026-04-10 18:00:37,792 - INFO - Epoch 124/200 --------------------------------------------------
2026-04-10 18:00:46,265 - INFO - Train - Loss: 0.014113, Acc: 99.83%
2026-04-10 18:00:46,266 - INFO - Val   - Loss: 0.051784, Acc: 97.71%
2026-04-10 18:00:46,266 - INFO - No improvement for 50 epoch(s)
2026-04-10 18:00:46,357 - INFO - Early stopping at epoch 124
2026-04-10 18:00:46,358 - INFO - Training complete!
2026-04-10 18:00:46,358 - INFO - Best_val_acc: 97.71%
2026-04-10 18:00:46,359 - INFO - Final_train_acc: 99.83333333333333
2026-04-10 18:00:46,359 - INFO - Final_val_acc: 0.9770992366412213
2026-04-10 18:00:46,359 - INFO - Total_epoch: 123
2026-04-10 18:00:46,360 - INFO - Total time: 0h 18m 18s
