2026-05-11 20:41:07,749 - INFO - Starting training: ant_bee_processed_20260129, classes:2
2026-05-11 20:41:07,750 - INFO - Model:EfficientNet-b0, loss:CrossEntropyLoss, class_weighted:True
2026-05-11 20:41:07,750 - INFO - Optimizer:sgd, lr:0.001, weight_decay:0.0001
2026-05-11 20:41:07,751 - INFO - Epochs:200, batch_size:64, early_stop:50
2026-05-11 20:41:07,755 - INFO - Using cuda device
2026-05-11 20:41:09,529 - INFO - Training configuration saved to experiments\ant_bee_processed_20260129\EfficientNet-b0\sgd_0.001_0.0001_64_200_50_exp2\training_config.json
2026-05-11 20:41:09,564 - INFO - Epoch 1/200 --------------------------------------------------
2026-05-11 20:41:25,136 - INFO - Train - Loss: 0.719196, Acc: 43.83%
2026-05-11 20:41:25,144 - INFO - Val   - Loss: 0.762994, Acc: 40.46%
2026-05-11 20:41:26,134 - INFO - Epoch time: 17s

2026-05-11 20:41:26,134 - INFO - Epoch 2/200 --------------------------------------------------
2026-05-11 20:41:35,972 - INFO - Train - Loss: 0.689516, Acc: 53.33%
2026-05-11 20:41:35,973 - INFO - Val   - Loss: 0.693431, Acc: 57.25%
2026-05-11 20:41:36,825 - INFO - Epoch time: 11s

2026-05-11 20:41:36,825 - INFO - Epoch 3/200 --------------------------------------------------
2026-05-11 20:41:46,683 - INFO - Train - Loss: 0.639944, Acc: 68.00%
2026-05-11 20:41:46,684 - INFO - Val   - Loss: 0.643176, Acc: 69.47%
2026-05-11 20:41:47,628 - INFO - Epoch time: 11s

2026-05-11 20:41:47,629 - INFO - Epoch 4/200 --------------------------------------------------
2026-05-11 20:41:57,356 - INFO - Train - Loss: 0.603713, Acc: 77.33%
2026-05-11 20:41:57,357 - INFO - Val   - Loss: 0.606384, Acc: 77.86%
2026-05-11 20:41:58,315 - INFO - Epoch time: 11s

2026-05-11 20:41:58,316 - INFO - Epoch 5/200 --------------------------------------------------
2026-05-11 20:42:08,275 - INFO - Train - Loss: 0.569612, Acc: 82.00%
2026-05-11 20:42:08,275 - INFO - Val   - Loss: 0.569753, Acc: 83.97%
2026-05-11 20:42:09,232 - INFO - Epoch time: 11s

2026-05-11 20:42:09,233 - INFO - Epoch 6/200 --------------------------------------------------
2026-05-11 20:42:16,694 - INFO - Train - Loss: 0.535856, Acc: 84.17%
2026-05-11 20:42:16,695 - INFO - Val   - Loss: 0.540652, Acc: 87.02%
2026-05-11 20:42:17,312 - INFO - Epoch time: 8s

2026-05-11 20:42:17,313 - INFO - Epoch 7/200 --------------------------------------------------
2026-05-11 20:42:24,595 - INFO - Train - Loss: 0.502107, Acc: 86.67%
2026-05-11 20:42:24,596 - INFO - Val   - Loss: 0.509522, Acc: 89.31%
2026-05-11 20:42:25,212 - INFO - Epoch time: 8s

2026-05-11 20:42:25,213 - INFO - Epoch 8/200 --------------------------------------------------
2026-05-11 20:42:32,175 - INFO - Train - Loss: 0.471567, Acc: 88.00%
2026-05-11 20:42:32,175 - INFO - Val   - Loss: 0.484416, Acc: 90.08%
2026-05-11 20:42:32,856 - INFO - Epoch time: 8s

2026-05-11 20:42:32,857 - INFO - Epoch 9/200 --------------------------------------------------
2026-05-11 20:42:39,980 - INFO - Train - Loss: 0.430457, Acc: 91.83%
2026-05-11 20:42:39,981 - INFO - Val   - Loss: 0.454115, Acc: 93.13%
2026-05-11 20:42:40,636 - INFO - Epoch time: 8s

2026-05-11 20:42:40,636 - INFO - Epoch 10/200 --------------------------------------------------
2026-05-11 20:42:48,366 - INFO - Train - Loss: 0.402524, Acc: 90.67%
2026-05-11 20:42:48,367 - INFO - Val   - Loss: 0.421226, Acc: 92.37%
2026-05-11 20:42:48,367 - INFO - No improvement for 1 epoch(s)
2026-05-11 20:42:48,961 - INFO - Epoch time: 8s

2026-05-11 20:42:48,962 - INFO - Epoch 11/200 --------------------------------------------------
2026-05-11 20:42:56,069 - INFO - Train - Loss: 0.371134, Acc: 92.50%
2026-05-11 20:42:56,070 - INFO - Val   - Loss: 0.389106, Acc: 93.13%
2026-05-11 20:42:56,070 - INFO - No improvement for 2 epoch(s)
2026-05-11 20:42:56,654 - INFO - Epoch time: 8s

2026-05-11 20:42:56,654 - INFO - Epoch 12/200 --------------------------------------------------
2026-05-11 20:43:04,142 - INFO - Train - Loss: 0.344731, Acc: 92.83%
2026-05-11 20:43:04,144 - INFO - Val   - Loss: 0.365583, Acc: 94.66%
2026-05-11 20:43:05,020 - INFO - Epoch time: 8s

2026-05-11 20:43:05,021 - INFO - Epoch 13/200 --------------------------------------------------
2026-05-11 20:43:12,763 - INFO - Train - Loss: 0.308444, Acc: 94.00%
2026-05-11 20:43:12,764 - INFO - Val   - Loss: 0.344392, Acc: 94.66%
2026-05-11 20:43:12,764 - INFO - No improvement for 1 epoch(s)
2026-05-11 20:43:13,321 - INFO - Epoch time: 8s

2026-05-11 20:43:13,322 - INFO - Epoch 14/200 --------------------------------------------------
2026-05-11 20:43:20,686 - INFO - Train - Loss: 0.290708, Acc: 94.50%
2026-05-11 20:43:20,687 - INFO - Val   - Loss: 0.325859, Acc: 94.66%
2026-05-11 20:43:20,687 - INFO - No improvement for 2 epoch(s)
2026-05-11 20:43:21,409 - INFO - Epoch time: 8s

2026-05-11 20:43:21,409 - INFO - Epoch 15/200 --------------------------------------------------
2026-05-11 20:43:28,750 - INFO - Train - Loss: 0.267802, Acc: 94.67%
2026-05-11 20:43:28,751 - INFO - Val   - Loss: 0.294984, Acc: 95.42%
2026-05-11 20:43:29,359 - INFO - Epoch time: 8s

2026-05-11 20:43:29,360 - INFO - Epoch 16/200 --------------------------------------------------
2026-05-11 20:43:36,527 - INFO - Train - Loss: 0.244195, Acc: 94.17%
2026-05-11 20:43:36,528 - INFO - Val   - Loss: 0.274482, Acc: 95.42%
2026-05-11 20:43:36,528 - INFO - No improvement for 1 epoch(s)
2026-05-11 20:43:37,109 - INFO - Epoch time: 8s

2026-05-11 20:43:37,109 - INFO - Epoch 17/200 --------------------------------------------------
2026-05-11 20:43:44,250 - INFO - Train - Loss: 0.237384, Acc: 94.33%
2026-05-11 20:43:44,250 - INFO - Val   - Loss: 0.263313, Acc: 95.42%
2026-05-11 20:43:44,250 - INFO - No improvement for 2 epoch(s)
2026-05-11 20:43:44,839 - INFO - Epoch time: 8s

2026-05-11 20:43:44,839 - INFO - Epoch 18/200 --------------------------------------------------
2026-05-11 20:43:51,872 - INFO - Train - Loss: 0.209330, Acc: 95.17%
2026-05-11 20:43:51,872 - INFO - Val   - Loss: 0.252450, Acc: 94.66%
2026-05-11 20:43:51,872 - INFO - No improvement for 3 epoch(s)
2026-05-11 20:43:52,445 - INFO - Epoch time: 8s

2026-05-11 20:43:52,446 - INFO - Epoch 19/200 --------------------------------------------------
2026-05-11 20:43:59,803 - INFO - Train - Loss: 0.190429, Acc: 95.50%
2026-05-11 20:43:59,803 - INFO - Val   - Loss: 0.233832, Acc: 95.42%
2026-05-11 20:43:59,803 - INFO - No improvement for 4 epoch(s)
2026-05-11 20:44:00,409 - INFO - Epoch time: 8s

2026-05-11 20:44:00,410 - INFO - Epoch 20/200 --------------------------------------------------
2026-05-11 20:44:07,517 - INFO - Train - Loss: 0.190327, Acc: 95.67%
2026-05-11 20:44:07,518 - INFO - Val   - Loss: 0.220755, Acc: 95.42%
2026-05-11 20:44:07,518 - INFO - No improvement for 5 epoch(s)
2026-05-11 20:44:08,089 - INFO - Epoch time: 8s

2026-05-11 20:44:08,090 - INFO - Epoch 21/200 --------------------------------------------------
2026-05-11 20:44:15,461 - INFO - Train - Loss: 0.172756, Acc: 95.50%
2026-05-11 20:44:15,462 - INFO - Val   - Loss: 0.211734, Acc: 95.42%
2026-05-11 20:44:15,462 - INFO - No improvement for 6 epoch(s)
2026-05-11 20:44:16,053 - INFO - Epoch time: 8s

2026-05-11 20:44:16,054 - INFO - Epoch 22/200 --------------------------------------------------
2026-05-11 20:44:23,152 - INFO - Train - Loss: 0.163712, Acc: 95.67%
2026-05-11 20:44:23,152 - INFO - Val   - Loss: 0.206858, Acc: 96.18%
2026-05-11 20:44:23,757 - INFO - Epoch time: 8s

2026-05-11 20:44:23,757 - INFO - Epoch 23/200 --------------------------------------------------
2026-05-11 20:44:30,938 - INFO - Train - Loss: 0.159585, Acc: 95.17%
2026-05-11 20:44:30,939 - INFO - Val   - Loss: 0.197633, Acc: 96.18%
2026-05-11 20:44:30,939 - INFO - No improvement for 1 epoch(s)
2026-05-11 20:44:31,630 - INFO - Epoch time: 8s

2026-05-11 20:44:31,630 - INFO - Epoch 24/200 --------------------------------------------------
2026-05-11 20:44:39,014 - INFO - Train - Loss: 0.145984, Acc: 96.00%
2026-05-11 20:44:39,015 - INFO - Val   - Loss: 0.180500, Acc: 96.18%
2026-05-11 20:44:39,015 - INFO - No improvement for 2 epoch(s)
2026-05-11 20:44:39,658 - INFO - Epoch time: 8s

2026-05-11 20:44:39,659 - INFO - Epoch 25/200 --------------------------------------------------
2026-05-11 20:44:47,028 - INFO - Train - Loss: 0.148383, Acc: 95.67%
2026-05-11 20:44:47,028 - INFO - Val   - Loss: 0.174825, Acc: 96.95%
2026-05-11 20:44:47,707 - INFO - Epoch time: 8s

2026-05-11 20:44:47,708 - INFO - Epoch 26/200 --------------------------------------------------
2026-05-11 20:44:54,880 - INFO - Train - Loss: 0.139736, Acc: 95.83%
2026-05-11 20:44:54,880 - INFO - Val   - Loss: 0.176181, Acc: 96.95%
2026-05-11 20:44:54,880 - INFO - No improvement for 1 epoch(s)
2026-05-11 20:44:55,437 - INFO - Epoch time: 8s

2026-05-11 20:44:55,438 - INFO - Epoch 27/200 --------------------------------------------------
2026-05-11 20:45:02,546 - INFO - Train - Loss: 0.132867, Acc: 96.17%
2026-05-11 20:45:02,546 - INFO - Val   - Loss: 0.161716, Acc: 96.95%
2026-05-11 20:45:02,546 - INFO - No improvement for 2 epoch(s)
2026-05-11 20:45:03,097 - INFO - Epoch time: 8s

2026-05-11 20:45:03,098 - INFO - Epoch 28/200 --------------------------------------------------
2026-05-11 20:45:10,100 - INFO - Train - Loss: 0.124004, Acc: 96.33%
2026-05-11 20:45:10,101 - INFO - Val   - Loss: 0.154793, Acc: 96.95%
2026-05-11 20:45:10,101 - INFO - No improvement for 3 epoch(s)
2026-05-11 20:45:10,652 - INFO - Epoch time: 8s

2026-05-11 20:45:10,652 - INFO - Epoch 29/200 --------------------------------------------------
2026-05-11 20:45:17,689 - INFO - Train - Loss: 0.120686, Acc: 95.33%
2026-05-11 20:45:17,690 - INFO - Val   - Loss: 0.148573, Acc: 96.95%
2026-05-11 20:45:17,690 - INFO - No improvement for 4 epoch(s)
2026-05-11 20:45:18,424 - INFO - Epoch time: 8s

2026-05-11 20:45:18,424 - INFO - Epoch 30/200 --------------------------------------------------
2026-05-11 20:45:25,539 - INFO - Train - Loss: 0.117605, Acc: 95.83%
2026-05-11 20:45:25,539 - INFO - Val   - Loss: 0.136406, Acc: 96.95%
2026-05-11 20:45:25,539 - INFO - No improvement for 5 epoch(s)
2026-05-11 20:45:26,113 - INFO - Epoch time: 8s

2026-05-11 20:45:26,114 - INFO - Epoch 31/200 --------------------------------------------------
2026-05-11 20:45:33,137 - INFO - Train - Loss: 0.110830, Acc: 97.00%
2026-05-11 20:45:33,137 - INFO - Val   - Loss: 0.137573, Acc: 96.95%
2026-05-11 20:45:33,138 - INFO - No improvement for 6 epoch(s)
2026-05-11 20:45:33,729 - INFO - Epoch time: 8s

2026-05-11 20:45:33,729 - INFO - Epoch 32/200 --------------------------------------------------
2026-05-11 20:45:40,823 - INFO - Train - Loss: 0.103920, Acc: 97.50%
2026-05-11 20:45:40,824 - INFO - Val   - Loss: 0.134403, Acc: 96.95%
2026-05-11 20:45:40,824 - INFO - No improvement for 7 epoch(s)
2026-05-11 20:45:41,413 - INFO - Epoch time: 8s

2026-05-11 20:45:41,413 - INFO - Epoch 33/200 --------------------------------------------------
2026-05-11 20:45:48,428 - INFO - Train - Loss: 0.105622, Acc: 96.83%
2026-05-11 20:45:48,428 - INFO - Val   - Loss: 0.131956, Acc: 96.95%
2026-05-11 20:45:48,428 - INFO - No improvement for 8 epoch(s)
2026-05-11 20:45:48,994 - INFO - Epoch time: 8s

2026-05-11 20:45:48,995 - INFO - Epoch 34/200 --------------------------------------------------
2026-05-11 20:45:55,962 - INFO - Train - Loss: 0.103593, Acc: 96.67%
2026-05-11 20:45:55,963 - INFO - Val   - Loss: 0.127305, Acc: 96.95%
2026-05-11 20:45:55,963 - INFO - No improvement for 9 epoch(s)
2026-05-11 20:45:56,556 - INFO - Epoch time: 8s

2026-05-11 20:45:56,557 - INFO - Epoch 35/200 --------------------------------------------------
2026-05-11 20:46:03,662 - INFO - Train - Loss: 0.101985, Acc: 95.83%
2026-05-11 20:46:03,662 - INFO - Val   - Loss: 0.124713, Acc: 97.71%
2026-05-11 20:46:04,326 - INFO - Epoch time: 8s

2026-05-11 20:46:04,326 - INFO - Epoch 36/200 --------------------------------------------------
2026-05-11 20:46:11,472 - INFO - Train - Loss: 0.093131, Acc: 96.50%
2026-05-11 20:46:11,472 - INFO - Val   - Loss: 0.119469, Acc: 96.95%
2026-05-11 20:46:11,472 - INFO - No improvement for 1 epoch(s)
2026-05-11 20:46:12,051 - INFO - Epoch time: 8s

2026-05-11 20:46:12,053 - INFO - Epoch 37/200 --------------------------------------------------
2026-05-11 20:46:19,187 - INFO - Train - Loss: 0.086426, Acc: 97.33%
2026-05-11 20:46:19,187 - INFO - Val   - Loss: 0.118371, Acc: 97.71%
2026-05-11 20:46:19,187 - INFO - No improvement for 2 epoch(s)
2026-05-11 20:46:19,790 - INFO - Epoch time: 8s

2026-05-11 20:46:19,790 - INFO - Epoch 38/200 --------------------------------------------------
2026-05-11 20:46:26,924 - INFO - Train - Loss: 0.097257, Acc: 96.50%
2026-05-11 20:46:26,924 - INFO - Val   - Loss: 0.118478, Acc: 97.71%
2026-05-11 20:46:26,924 - INFO - No improvement for 3 epoch(s)
2026-05-11 20:46:27,491 - INFO - Epoch time: 8s

2026-05-11 20:46:27,491 - INFO - Epoch 39/200 --------------------------------------------------
2026-05-11 20:46:34,629 - INFO - Train - Loss: 0.085277, Acc: 97.33%
2026-05-11 20:46:34,630 - INFO - Val   - Loss: 0.110577, Acc: 97.71%
2026-05-11 20:46:34,630 - INFO - No improvement for 4 epoch(s)
2026-05-11 20:46:35,218 - INFO - Epoch time: 8s

2026-05-11 20:46:35,218 - INFO - Epoch 40/200 --------------------------------------------------
2026-05-11 20:46:42,301 - INFO - Train - Loss: 0.080973, Acc: 97.67%
2026-05-11 20:46:42,302 - INFO - Val   - Loss: 0.108579, Acc: 97.71%
2026-05-11 20:46:42,302 - INFO - No improvement for 5 epoch(s)
2026-05-11 20:46:42,902 - INFO - Epoch time: 8s

2026-05-11 20:46:42,902 - INFO - Epoch 41/200 --------------------------------------------------
2026-05-11 20:46:49,821 - INFO - Train - Loss: 0.082488, Acc: 97.00%
2026-05-11 20:46:49,822 - INFO - Val   - Loss: 0.103940, Acc: 97.71%
2026-05-11 20:46:49,822 - INFO - No improvement for 6 epoch(s)
2026-05-11 20:46:50,419 - INFO - Epoch time: 8s

2026-05-11 20:46:50,420 - INFO - Epoch 42/200 --------------------------------------------------
2026-05-11 20:46:57,516 - INFO - Train - Loss: 0.080864, Acc: 96.83%
2026-05-11 20:46:57,516 - INFO - Val   - Loss: 0.102679, Acc: 97.71%
2026-05-11 20:46:57,516 - INFO - No improvement for 7 epoch(s)
2026-05-11 20:46:58,193 - INFO - Epoch time: 8s

2026-05-11 20:46:58,193 - INFO - Epoch 43/200 --------------------------------------------------
2026-05-11 20:47:05,374 - INFO - Train - Loss: 0.084284, Acc: 97.17%
2026-05-11 20:47:05,374 - INFO - Val   - Loss: 0.097664, Acc: 97.71%
2026-05-11 20:47:05,374 - INFO - No improvement for 8 epoch(s)
2026-05-11 20:47:05,932 - INFO - Epoch time: 8s

2026-05-11 20:47:05,932 - INFO - Epoch 44/200 --------------------------------------------------
2026-05-11 20:47:13,457 - INFO - Train - Loss: 0.070819, Acc: 98.00%
2026-05-11 20:47:13,458 - INFO - Val   - Loss: 0.094454, Acc: 97.71%
2026-05-11 20:47:13,458 - INFO - No improvement for 9 epoch(s)
2026-05-11 20:47:14,007 - INFO - Epoch time: 8s

2026-05-11 20:47:14,008 - INFO - Epoch 45/200 --------------------------------------------------
2026-05-11 20:47:21,262 - INFO - Train - Loss: 0.074196, Acc: 97.83%
2026-05-11 20:47:21,262 - INFO - Val   - Loss: 0.093547, Acc: 97.71%
2026-05-11 20:47:21,262 - INFO - No improvement for 10 epoch(s)
2026-05-11 20:47:21,801 - INFO - Epoch time: 8s

2026-05-11 20:47:21,802 - INFO - Epoch 46/200 --------------------------------------------------
2026-05-11 20:47:29,013 - INFO - Train - Loss: 0.084789, Acc: 97.50%
2026-05-11 20:47:29,014 - INFO - Val   - Loss: 0.098632, Acc: 97.71%
2026-05-11 20:47:29,014 - INFO - No improvement for 11 epoch(s)
2026-05-11 20:47:29,548 - INFO - Epoch time: 8s

2026-05-11 20:47:29,548 - INFO - Epoch 47/200 --------------------------------------------------
2026-05-11 20:47:36,668 - INFO - Train - Loss: 0.075441, Acc: 97.67%
2026-05-11 20:47:36,669 - INFO - Val   - Loss: 0.094943, Acc: 97.71%
2026-05-11 20:47:36,669 - INFO - No improvement for 12 epoch(s)
2026-05-11 20:47:37,213 - INFO - Epoch time: 8s

2026-05-11 20:47:37,214 - INFO - Epoch 48/200 --------------------------------------------------
2026-05-11 20:47:44,566 - INFO - Train - Loss: 0.073767, Acc: 97.33%
2026-05-11 20:47:44,567 - INFO - Val   - Loss: 0.091559, Acc: 97.71%
2026-05-11 20:47:44,567 - INFO - No improvement for 13 epoch(s)
2026-05-11 20:47:45,178 - INFO - Epoch time: 8s

2026-05-11 20:47:45,179 - INFO - Epoch 49/200 --------------------------------------------------
2026-05-11 20:47:52,289 - INFO - Train - Loss: 0.065063, Acc: 98.17%
2026-05-11 20:47:52,290 - INFO - Val   - Loss: 0.095032, Acc: 97.71%
2026-05-11 20:47:52,290 - INFO - No improvement for 14 epoch(s)
2026-05-11 20:47:52,862 - INFO - Epoch time: 8s

2026-05-11 20:47:52,863 - INFO - Epoch 50/200 --------------------------------------------------
2026-05-11 20:48:00,362 - INFO - Train - Loss: 0.063133, Acc: 98.17%
2026-05-11 20:48:00,363 - INFO - Val   - Loss: 0.088073, Acc: 97.71%
2026-05-11 20:48:00,363 - INFO - No improvement for 15 epoch(s)
2026-05-11 20:48:00,938 - INFO - Epoch time: 8s

2026-05-11 20:48:00,939 - INFO - Epoch 51/200 --------------------------------------------------
2026-05-11 20:48:08,275 - INFO - Train - Loss: 0.061499, Acc: 98.17%
2026-05-11 20:48:08,276 - INFO - Val   - Loss: 0.087524, Acc: 97.71%
2026-05-11 20:48:08,276 - INFO - No improvement for 16 epoch(s)
2026-05-11 20:48:08,872 - INFO - Epoch time: 8s

2026-05-11 20:48:08,872 - INFO - Epoch 52/200 --------------------------------------------------
2026-05-11 20:48:16,371 - INFO - Train - Loss: 0.067971, Acc: 98.00%
2026-05-11 20:48:16,371 - INFO - Val   - Loss: 0.081055, Acc: 97.71%
2026-05-11 20:48:16,371 - INFO - No improvement for 17 epoch(s)
2026-05-11 20:48:16,961 - INFO - Epoch time: 8s

2026-05-11 20:48:16,962 - INFO - Epoch 53/200 --------------------------------------------------
2026-05-11 20:48:24,639 - INFO - Train - Loss: 0.059407, Acc: 98.00%
2026-05-11 20:48:24,639 - INFO - Val   - Loss: 0.078277, Acc: 97.71%
2026-05-11 20:48:24,640 - INFO - No improvement for 18 epoch(s)
2026-05-11 20:48:25,273 - INFO - Epoch time: 8s

2026-05-11 20:48:25,274 - INFO - Epoch 54/200 --------------------------------------------------
2026-05-11 20:48:32,577 - INFO - Train - Loss: 0.056829, Acc: 98.50%
2026-05-11 20:48:32,577 - INFO - Val   - Loss: 0.077174, Acc: 97.71%
2026-05-11 20:48:32,577 - INFO - No improvement for 19 epoch(s)
2026-05-11 20:48:33,146 - INFO - Epoch time: 8s

2026-05-11 20:48:33,148 - INFO - Epoch 55/200 --------------------------------------------------
2026-05-11 20:48:40,488 - INFO - Train - Loss: 0.061537, Acc: 97.50%
2026-05-11 20:48:40,488 - INFO - Val   - Loss: 0.079207, Acc: 97.71%
2026-05-11 20:48:40,488 - INFO - No improvement for 20 epoch(s)
2026-05-11 20:48:41,107 - INFO - Epoch time: 8s

2026-05-11 20:48:41,107 - INFO - Epoch 56/200 --------------------------------------------------
2026-05-11 20:48:48,379 - INFO - Train - Loss: 0.056933, Acc: 98.33%
2026-05-11 20:48:48,380 - INFO - Val   - Loss: 0.080726, Acc: 97.71%
2026-05-11 20:48:48,380 - INFO - No improvement for 21 epoch(s)
2026-05-11 20:48:48,987 - INFO - Epoch time: 8s

2026-05-11 20:48:48,987 - INFO - Epoch 57/200 --------------------------------------------------
2026-05-11 20:48:56,260 - INFO - Train - Loss: 0.059354, Acc: 98.50%
2026-05-11 20:48:56,260 - INFO - Val   - Loss: 0.074391, Acc: 97.71%
2026-05-11 20:48:56,260 - INFO - No improvement for 22 epoch(s)
2026-05-11 20:48:56,992 - INFO - Epoch time: 8s

2026-05-11 20:48:56,994 - INFO - Epoch 58/200 --------------------------------------------------
2026-05-11 20:49:04,294 - INFO - Train - Loss: 0.053816, Acc: 98.17%
2026-05-11 20:49:04,295 - INFO - Val   - Loss: 0.072034, Acc: 97.71%
2026-05-11 20:49:04,295 - INFO - No improvement for 23 epoch(s)
2026-05-11 20:49:04,925 - INFO - Epoch time: 8s

2026-05-11 20:49:04,926 - INFO - Epoch 59/200 --------------------------------------------------
2026-05-11 20:49:12,179 - INFO - Train - Loss: 0.053297, Acc: 98.83%
2026-05-11 20:49:12,179 - INFO - Val   - Loss: 0.078687, Acc: 97.71%
2026-05-11 20:49:12,179 - INFO - No improvement for 24 epoch(s)
2026-05-11 20:49:12,773 - INFO - Epoch time: 8s

2026-05-11 20:49:12,773 - INFO - Epoch 60/200 --------------------------------------------------
2026-05-11 20:49:20,475 - INFO - Train - Loss: 0.060932, Acc: 97.83%
2026-05-11 20:49:20,475 - INFO - Val   - Loss: 0.078848, Acc: 98.47%
2026-05-11 20:49:21,337 - INFO - Epoch time: 9s

2026-05-11 20:49:21,337 - INFO - Epoch 61/200 --------------------------------------------------
2026-05-11 20:49:30,195 - INFO - Train - Loss: 0.052808, Acc: 98.50%
2026-05-11 20:49:30,195 - INFO - Val   - Loss: 0.074867, Acc: 98.47%
2026-05-11 20:49:30,195 - INFO - No improvement for 1 epoch(s)
2026-05-11 20:49:30,948 - INFO - Epoch time: 10s

2026-05-11 20:49:30,949 - INFO - Epoch 62/200 --------------------------------------------------
2026-05-11 20:49:39,742 - INFO - Train - Loss: 0.050033, Acc: 98.67%
2026-05-11 20:49:39,743 - INFO - Val   - Loss: 0.066151, Acc: 97.71%
2026-05-11 20:49:39,743 - INFO - No improvement for 2 epoch(s)
2026-05-11 20:49:40,456 - INFO - Epoch time: 10s

2026-05-11 20:49:40,457 - INFO - Epoch 63/200 --------------------------------------------------
2026-05-11 20:49:48,168 - INFO - Train - Loss: 0.046687, Acc: 98.83%
2026-05-11 20:49:48,168 - INFO - Val   - Loss: 0.068437, Acc: 98.47%
2026-05-11 20:49:48,169 - INFO - No improvement for 3 epoch(s)
2026-05-11 20:49:48,747 - INFO - Epoch time: 8s

2026-05-11 20:49:48,748 - INFO - Epoch 64/200 --------------------------------------------------
2026-05-11 20:49:56,960 - INFO - Train - Loss: 0.046422, Acc: 99.17%
2026-05-11 20:49:56,961 - INFO - Val   - Loss: 0.066553, Acc: 98.47%
2026-05-11 20:49:56,961 - INFO - No improvement for 4 epoch(s)
2026-05-11 20:49:57,676 - INFO - Epoch time: 9s

2026-05-11 20:49:57,677 - INFO - Epoch 65/200 --------------------------------------------------
2026-05-11 20:50:05,592 - INFO - Train - Loss: 0.052248, Acc: 98.17%
2026-05-11 20:50:05,592 - INFO - Val   - Loss: 0.065286, Acc: 98.47%
2026-05-11 20:50:05,593 - INFO - No improvement for 5 epoch(s)
2026-05-11 20:50:06,191 - INFO - Epoch time: 9s

2026-05-11 20:50:06,192 - INFO - Epoch 66/200 --------------------------------------------------
2026-05-11 20:50:14,570 - INFO - Train - Loss: 0.049513, Acc: 99.00%
2026-05-11 20:50:14,571 - INFO - Val   - Loss: 0.065448, Acc: 98.47%
2026-05-11 20:50:14,571 - INFO - No improvement for 6 epoch(s)
2026-05-11 20:50:15,173 - INFO - Epoch time: 9s

2026-05-11 20:50:15,173 - INFO - Epoch 67/200 --------------------------------------------------
2026-05-11 20:50:22,548 - INFO - Train - Loss: 0.053244, Acc: 98.17%
2026-05-11 20:50:22,549 - INFO - Val   - Loss: 0.062331, Acc: 98.47%
2026-05-11 20:50:22,549 - INFO - No improvement for 7 epoch(s)
2026-05-11 20:50:23,154 - INFO - Epoch time: 8s

2026-05-11 20:50:23,155 - INFO - Epoch 68/200 --------------------------------------------------
2026-05-11 20:50:30,451 - INFO - Train - Loss: 0.050058, Acc: 99.00%
2026-05-11 20:50:30,451 - INFO - Val   - Loss: 0.061155, Acc: 98.47%
2026-05-11 20:50:30,451 - INFO - No improvement for 8 epoch(s)
2026-05-11 20:50:31,077 - INFO - Epoch time: 8s

2026-05-11 20:50:31,078 - INFO - Epoch 69/200 --------------------------------------------------
2026-05-11 20:50:40,113 - INFO - Train - Loss: 0.049478, Acc: 98.83%
2026-05-11 20:50:40,113 - INFO - Val   - Loss: 0.063026, Acc: 98.47%
2026-05-11 20:50:40,113 - INFO - No improvement for 9 epoch(s)
2026-05-11 20:50:40,862 - INFO - Epoch time: 10s

2026-05-11 20:50:40,863 - INFO - Epoch 70/200 --------------------------------------------------
2026-05-11 20:50:49,508 - INFO - Train - Loss: 0.046849, Acc: 99.00%
2026-05-11 20:50:49,508 - INFO - Val   - Loss: 0.058483, Acc: 98.47%
2026-05-11 20:50:49,508 - INFO - No improvement for 10 epoch(s)
2026-05-11 20:50:50,281 - INFO - Epoch time: 9s

2026-05-11 20:50:50,281 - INFO - Epoch 71/200 --------------------------------------------------
2026-05-11 20:50:58,909 - INFO - Train - Loss: 0.045226, Acc: 98.67%
2026-05-11 20:50:58,909 - INFO - Val   - Loss: 0.060134, Acc: 98.47%
2026-05-11 20:50:58,909 - INFO - No improvement for 11 epoch(s)
2026-05-11 20:50:59,849 - INFO - Epoch time: 10s

2026-05-11 20:50:59,850 - INFO - Epoch 72/200 --------------------------------------------------
2026-05-11 20:51:08,750 - INFO - Train - Loss: 0.042147, Acc: 99.00%
2026-05-11 20:51:08,750 - INFO - Val   - Loss: 0.057643, Acc: 98.47%
2026-05-11 20:51:08,751 - INFO - No improvement for 12 epoch(s)
2026-05-11 20:51:09,487 - INFO - Epoch time: 10s

2026-05-11 20:51:09,487 - INFO - Epoch 73/200 --------------------------------------------------
2026-05-11 20:51:18,186 - INFO - Train - Loss: 0.042937, Acc: 98.67%
2026-05-11 20:51:18,187 - INFO - Val   - Loss: 0.057203, Acc: 98.47%
2026-05-11 20:51:18,187 - INFO - No improvement for 13 epoch(s)
2026-05-11 20:51:18,928 - INFO - Epoch time: 9s

2026-05-11 20:51:18,930 - INFO - Epoch 74/200 --------------------------------------------------
2026-05-11 20:51:27,719 - INFO - Train - Loss: 0.037054, Acc: 98.83%
2026-05-11 20:51:27,720 - INFO - Val   - Loss: 0.055816, Acc: 98.47%
2026-05-11 20:51:27,720 - INFO - No improvement for 14 epoch(s)
2026-05-11 20:51:28,432 - INFO - Epoch time: 10s

2026-05-11 20:51:28,432 - INFO - Epoch 75/200 --------------------------------------------------
2026-05-11 20:51:37,077 - INFO - Train - Loss: 0.049010, Acc: 98.83%
2026-05-11 20:51:37,077 - INFO - Val   - Loss: 0.055514, Acc: 98.47%
2026-05-11 20:51:37,078 - INFO - No improvement for 15 epoch(s)
2026-05-11 20:51:37,778 - INFO - Epoch time: 9s

2026-05-11 20:51:37,779 - INFO - Epoch 76/200 --------------------------------------------------
2026-05-11 20:51:46,333 - INFO - Train - Loss: 0.041590, Acc: 98.67%
2026-05-11 20:51:46,333 - INFO - Val   - Loss: 0.056195, Acc: 98.47%
2026-05-11 20:51:46,334 - INFO - No improvement for 16 epoch(s)
2026-05-11 20:51:47,074 - INFO - Epoch time: 9s

2026-05-11 20:51:47,074 - INFO - Epoch 77/200 --------------------------------------------------
2026-05-11 20:51:55,819 - INFO - Train - Loss: 0.033641, Acc: 99.33%
2026-05-11 20:51:55,820 - INFO - Val   - Loss: 0.055677, Acc: 98.47%
2026-05-11 20:51:55,820 - INFO - No improvement for 17 epoch(s)
2026-05-11 20:51:56,556 - INFO - Epoch time: 9s

2026-05-11 20:51:56,557 - INFO - Epoch 78/200 --------------------------------------------------
2026-05-11 20:52:04,987 - INFO - Train - Loss: 0.042323, Acc: 99.67%
2026-05-11 20:52:04,988 - INFO - Val   - Loss: 0.053655, Acc: 98.47%
2026-05-11 20:52:04,988 - INFO - No improvement for 18 epoch(s)
2026-05-11 20:52:05,721 - INFO - Epoch time: 9s

2026-05-11 20:52:05,722 - INFO - Epoch 79/200 --------------------------------------------------
2026-05-11 20:52:14,287 - INFO - Train - Loss: 0.046484, Acc: 98.33%
2026-05-11 20:52:14,288 - INFO - Val   - Loss: 0.053046, Acc: 98.47%
2026-05-11 20:52:14,288 - INFO - No improvement for 19 epoch(s)
2026-05-11 20:52:15,050 - INFO - Epoch time: 9s

2026-05-11 20:52:15,051 - INFO - Epoch 80/200 --------------------------------------------------
2026-05-11 20:52:23,685 - INFO - Train - Loss: 0.038302, Acc: 99.17%
2026-05-11 20:52:23,685 - INFO - Val   - Loss: 0.052758, Acc: 98.47%
2026-05-11 20:52:23,686 - INFO - No improvement for 20 epoch(s)
2026-05-11 20:52:24,466 - INFO - Epoch time: 9s

2026-05-11 20:52:24,466 - INFO - Epoch 81/200 --------------------------------------------------
2026-05-11 20:52:33,003 - INFO - Train - Loss: 0.039683, Acc: 98.83%
2026-05-11 20:52:33,003 - INFO - Val   - Loss: 0.052067, Acc: 98.47%
2026-05-11 20:52:33,004 - INFO - No improvement for 21 epoch(s)
2026-05-11 20:52:33,788 - INFO - Epoch time: 9s

2026-05-11 20:52:33,788 - INFO - Epoch 82/200 --------------------------------------------------
2026-05-11 20:52:42,167 - INFO - Train - Loss: 0.037059, Acc: 99.50%
2026-05-11 20:52:42,168 - INFO - Val   - Loss: 0.050243, Acc: 98.47%
2026-05-11 20:52:42,168 - INFO - No improvement for 22 epoch(s)
2026-05-11 20:52:42,925 - INFO - Epoch time: 9s

2026-05-11 20:52:42,926 - INFO - Epoch 83/200 --------------------------------------------------
2026-05-11 20:52:51,375 - INFO - Train - Loss: 0.032115, Acc: 99.67%
2026-05-11 20:52:51,376 - INFO - Val   - Loss: 0.051900, Acc: 98.47%
2026-05-11 20:52:51,376 - INFO - No improvement for 23 epoch(s)
2026-05-11 20:52:52,046 - INFO - Epoch time: 9s

2026-05-11 20:52:52,047 - INFO - Epoch 84/200 --------------------------------------------------
2026-05-11 20:53:00,606 - INFO - Train - Loss: 0.031995, Acc: 99.17%
2026-05-11 20:53:00,606 - INFO - Val   - Loss: 0.049891, Acc: 98.47%
2026-05-11 20:53:00,606 - INFO - No improvement for 24 epoch(s)
2026-05-11 20:53:01,285 - INFO - Epoch time: 9s

2026-05-11 20:53:01,285 - INFO - Epoch 85/200 --------------------------------------------------
2026-05-11 20:53:09,622 - INFO - Train - Loss: 0.032325, Acc: 99.33%
2026-05-11 20:53:09,623 - INFO - Val   - Loss: 0.049551, Acc: 98.47%
2026-05-11 20:53:09,623 - INFO - No improvement for 25 epoch(s)
2026-05-11 20:53:10,500 - INFO - Epoch time: 9s

2026-05-11 20:53:10,501 - INFO - Epoch 86/200 --------------------------------------------------
2026-05-11 20:53:19,194 - INFO - Train - Loss: 0.033878, Acc: 99.33%
2026-05-11 20:53:19,195 - INFO - Val   - Loss: 0.049777, Acc: 98.47%
2026-05-11 20:53:19,195 - INFO - No improvement for 26 epoch(s)
2026-05-11 20:53:19,899 - INFO - Epoch time: 9s

2026-05-11 20:53:19,900 - INFO - Epoch 87/200 --------------------------------------------------
2026-05-11 20:53:28,618 - INFO - Train - Loss: 0.027903, Acc: 99.50%
2026-05-11 20:53:28,619 - INFO - Val   - Loss: 0.047953, Acc: 98.47%
2026-05-11 20:53:28,619 - INFO - No improvement for 27 epoch(s)
2026-05-11 20:53:29,324 - INFO - Epoch time: 9s

2026-05-11 20:53:29,325 - INFO - Epoch 88/200 --------------------------------------------------
2026-05-11 20:53:37,883 - INFO - Train - Loss: 0.031041, Acc: 99.17%
2026-05-11 20:53:37,883 - INFO - Val   - Loss: 0.047010, Acc: 98.47%
2026-05-11 20:53:37,883 - INFO - No improvement for 28 epoch(s)
2026-05-11 20:53:38,583 - INFO - Epoch time: 9s

2026-05-11 20:53:38,583 - INFO - Epoch 89/200 --------------------------------------------------
2026-05-11 20:53:47,111 - INFO - Train - Loss: 0.033432, Acc: 99.00%
2026-05-11 20:53:47,111 - INFO - Val   - Loss: 0.047698, Acc: 98.47%
2026-05-11 20:53:47,112 - INFO - No improvement for 29 epoch(s)
2026-05-11 20:53:47,793 - INFO - Epoch time: 9s

2026-05-11 20:53:47,793 - INFO - Epoch 90/200 --------------------------------------------------
2026-05-11 20:53:56,540 - INFO - Train - Loss: 0.031219, Acc: 99.33%
2026-05-11 20:53:56,541 - INFO - Val   - Loss: 0.047292, Acc: 98.47%
2026-05-11 20:53:56,541 - INFO - No improvement for 30 epoch(s)
2026-05-11 20:53:57,236 - INFO - Epoch time: 9s

2026-05-11 20:53:57,238 - INFO - Epoch 91/200 --------------------------------------------------
2026-05-11 20:54:05,962 - INFO - Train - Loss: 0.028042, Acc: 99.67%
2026-05-11 20:54:05,963 - INFO - Val   - Loss: 0.047430, Acc: 98.47%
2026-05-11 20:54:05,963 - INFO - No improvement for 31 epoch(s)
2026-05-11 20:54:06,643 - INFO - Epoch time: 9s

2026-05-11 20:54:06,643 - INFO - Epoch 92/200 --------------------------------------------------
2026-05-11 20:54:15,209 - INFO - Train - Loss: 0.028608, Acc: 99.67%
2026-05-11 20:54:15,209 - INFO - Val   - Loss: 0.048975, Acc: 98.47%
2026-05-11 20:54:15,210 - INFO - No improvement for 32 epoch(s)
2026-05-11 20:54:15,877 - INFO - Epoch time: 9s

2026-05-11 20:54:15,877 - INFO - Epoch 93/200 --------------------------------------------------
2026-05-11 20:54:24,521 - INFO - Train - Loss: 0.030228, Acc: 99.83%
2026-05-11 20:54:24,521 - INFO - Val   - Loss: 0.045249, Acc: 98.47%
2026-05-11 20:54:24,522 - INFO - No improvement for 33 epoch(s)
2026-05-11 20:54:25,257 - INFO - Epoch time: 9s

2026-05-11 20:54:25,258 - INFO - Epoch 94/200 --------------------------------------------------
2026-05-11 20:54:33,812 - INFO - Train - Loss: 0.027742, Acc: 99.83%
2026-05-11 20:54:33,812 - INFO - Val   - Loss: 0.045669, Acc: 98.47%
2026-05-11 20:54:33,812 - INFO - No improvement for 34 epoch(s)
2026-05-11 20:54:34,466 - INFO - Epoch time: 9s

2026-05-11 20:54:34,467 - INFO - Epoch 95/200 --------------------------------------------------
2026-05-11 20:54:43,222 - INFO - Train - Loss: 0.022891, Acc: 99.83%
2026-05-11 20:54:43,222 - INFO - Val   - Loss: 0.045385, Acc: 98.47%
2026-05-11 20:54:43,222 - INFO - No improvement for 35 epoch(s)
2026-05-11 20:54:43,910 - INFO - Epoch time: 9s

2026-05-11 20:54:43,911 - INFO - Epoch 96/200 --------------------------------------------------
2026-05-11 20:54:52,419 - INFO - Train - Loss: 0.038819, Acc: 99.00%
2026-05-11 20:54:52,420 - INFO - Val   - Loss: 0.044636, Acc: 98.47%
2026-05-11 20:54:52,420 - INFO - No improvement for 36 epoch(s)
2026-05-11 20:54:53,122 - INFO - Epoch time: 9s

2026-05-11 20:54:53,122 - INFO - Epoch 97/200 --------------------------------------------------
2026-05-11 20:55:01,771 - INFO - Train - Loss: 0.031996, Acc: 99.50%
2026-05-11 20:55:01,771 - INFO - Val   - Loss: 0.050341, Acc: 99.24%
2026-05-11 20:55:02,588 - INFO - Epoch time: 9s

2026-05-11 20:55:02,588 - INFO - Epoch 98/200 --------------------------------------------------
2026-05-11 20:55:11,258 - INFO - Train - Loss: 0.025500, Acc: 99.67%
2026-05-11 20:55:11,258 - INFO - Val   - Loss: 0.043886, Acc: 98.47%
2026-05-11 20:55:11,258 - INFO - No improvement for 1 epoch(s)
2026-05-11 20:55:11,947 - INFO - Epoch time: 9s

2026-05-11 20:55:11,948 - INFO - Epoch 99/200 --------------------------------------------------
2026-05-11 20:55:20,565 - INFO - Train - Loss: 0.025437, Acc: 99.50%
2026-05-11 20:55:20,566 - INFO - Val   - Loss: 0.045951, Acc: 99.24%
2026-05-11 20:55:20,566 - INFO - No improvement for 2 epoch(s)
2026-05-11 20:55:21,426 - INFO - Epoch time: 9s

2026-05-11 20:55:21,426 - INFO - Epoch 100/200 --------------------------------------------------
2026-05-11 20:55:30,047 - INFO - Train - Loss: 0.020500, Acc: 100.00%
2026-05-11 20:55:30,047 - INFO - Val   - Loss: 0.043270, Acc: 98.47%
2026-05-11 20:55:30,047 - INFO - No improvement for 3 epoch(s)
2026-05-11 20:55:30,755 - INFO - Epoch time: 9s

2026-05-11 20:55:30,755 - INFO - Epoch 101/200 --------------------------------------------------
2026-05-11 20:55:39,292 - INFO - Train - Loss: 0.022506, Acc: 99.83%
2026-05-11 20:55:39,292 - INFO - Val   - Loss: 0.044506, Acc: 98.47%
2026-05-11 20:55:39,292 - INFO - No improvement for 4 epoch(s)
2026-05-11 20:55:40,010 - INFO - Epoch time: 9s

2026-05-11 20:55:40,010 - INFO - Epoch 102/200 --------------------------------------------------
2026-05-11 20:55:48,509 - INFO - Train - Loss: 0.023645, Acc: 100.00%
2026-05-11 20:55:48,509 - INFO - Val   - Loss: 0.044183, Acc: 98.47%
2026-05-11 20:55:48,509 - INFO - No improvement for 5 epoch(s)
2026-05-11 20:55:49,219 - INFO - Epoch time: 9s

2026-05-11 20:55:49,220 - INFO - Epoch 103/200 --------------------------------------------------
2026-05-11 20:55:57,959 - INFO - Train - Loss: 0.024024, Acc: 99.33%
2026-05-11 20:55:57,959 - INFO - Val   - Loss: 0.041786, Acc: 98.47%
2026-05-11 20:55:57,960 - INFO - No improvement for 6 epoch(s)
2026-05-11 20:55:58,693 - INFO - Epoch time: 9s

2026-05-11 20:55:58,694 - INFO - Epoch 104/200 --------------------------------------------------
2026-05-11 20:56:07,261 - INFO - Train - Loss: 0.021783, Acc: 99.67%
2026-05-11 20:56:07,262 - INFO - Val   - Loss: 0.041804, Acc: 98.47%
2026-05-11 20:56:07,262 - INFO - No improvement for 7 epoch(s)
2026-05-11 20:56:07,974 - INFO - Epoch time: 9s

2026-05-11 20:56:07,975 - INFO - Epoch 105/200 --------------------------------------------------
2026-05-11 20:56:16,333 - INFO - Train - Loss: 0.017976, Acc: 99.83%
2026-05-11 20:56:16,333 - INFO - Val   - Loss: 0.041410, Acc: 98.47%
2026-05-11 20:56:16,333 - INFO - No improvement for 8 epoch(s)
2026-05-11 20:56:16,966 - INFO - Epoch time: 9s

2026-05-11 20:56:16,966 - INFO - Epoch 106/200 --------------------------------------------------
2026-05-11 20:56:25,468 - INFO - Train - Loss: 0.022156, Acc: 99.33%
2026-05-11 20:56:25,468 - INFO - Val   - Loss: 0.041032, Acc: 98.47%
2026-05-11 20:56:25,468 - INFO - No improvement for 9 epoch(s)
2026-05-11 20:56:26,174 - INFO - Epoch time: 9s

2026-05-11 20:56:26,175 - INFO - Epoch 107/200 --------------------------------------------------
2026-05-11 20:56:35,314 - INFO - Train - Loss: 0.020989, Acc: 99.50%
2026-05-11 20:56:35,314 - INFO - Val   - Loss: 0.041316, Acc: 98.47%
2026-05-11 20:56:35,315 - INFO - No improvement for 10 epoch(s)
2026-05-11 20:56:36,212 - INFO - Epoch time: 10s

2026-05-11 20:56:36,213 - INFO - Epoch 108/200 --------------------------------------------------
2026-05-11 20:56:46,522 - INFO - Train - Loss: 0.016861, Acc: 100.00%
2026-05-11 20:56:46,522 - INFO - Val   - Loss: 0.040874, Acc: 98.47%
2026-05-11 20:56:46,522 - INFO - No improvement for 11 epoch(s)
2026-05-11 20:56:47,323 - INFO - Epoch time: 11s

2026-05-11 20:56:47,323 - INFO - Epoch 109/200 --------------------------------------------------
2026-05-11 20:56:56,940 - INFO - Train - Loss: 0.022782, Acc: 99.50%
2026-05-11 20:56:56,941 - INFO - Val   - Loss: 0.040152, Acc: 98.47%
2026-05-11 20:56:56,941 - INFO - No improvement for 12 epoch(s)
2026-05-11 20:56:57,632 - INFO - Epoch time: 10s

2026-05-11 20:56:57,633 - INFO - Epoch 110/200 --------------------------------------------------
2026-05-11 20:57:05,964 - INFO - Train - Loss: 0.021838, Acc: 99.83%
2026-05-11 20:57:05,964 - INFO - Val   - Loss: 0.039680, Acc: 98.47%
2026-05-11 20:57:05,964 - INFO - No improvement for 13 epoch(s)
2026-05-11 20:57:06,803 - INFO - Epoch time: 9s

2026-05-11 20:57:06,804 - INFO - Epoch 111/200 --------------------------------------------------
2026-05-11 20:57:14,759 - INFO - Train - Loss: 0.022255, Acc: 99.67%
2026-05-11 20:57:14,759 - INFO - Val   - Loss: 0.040260, Acc: 98.47%
2026-05-11 20:57:14,759 - INFO - No improvement for 14 epoch(s)
2026-05-11 20:57:15,426 - INFO - Epoch time: 9s

2026-05-11 20:57:15,426 - INFO - Epoch 112/200 --------------------------------------------------
2026-05-11 20:57:23,447 - INFO - Train - Loss: 0.017371, Acc: 99.83%
2026-05-11 20:57:23,448 - INFO - Val   - Loss: 0.038980, Acc: 98.47%
2026-05-11 20:57:23,448 - INFO - No improvement for 15 epoch(s)
2026-05-11 20:57:24,150 - INFO - Epoch time: 9s

2026-05-11 20:57:24,150 - INFO - Epoch 113/200 --------------------------------------------------
2026-05-11 20:57:32,070 - INFO - Train - Loss: 0.021559, Acc: 99.83%
2026-05-11 20:57:32,070 - INFO - Val   - Loss: 0.038912, Acc: 98.47%
2026-05-11 20:57:32,070 - INFO - No improvement for 16 epoch(s)
2026-05-11 20:57:32,884 - INFO - Epoch time: 9s

2026-05-11 20:57:32,885 - INFO - Epoch 114/200 --------------------------------------------------
2026-05-11 20:57:40,832 - INFO - Train - Loss: 0.018258, Acc: 99.83%
2026-05-11 20:57:40,833 - INFO - Val   - Loss: 0.038994, Acc: 98.47%
2026-05-11 20:57:40,833 - INFO - No improvement for 17 epoch(s)
2026-05-11 20:57:41,544 - INFO - Epoch time: 9s

2026-05-11 20:57:41,545 - INFO - Epoch 115/200 --------------------------------------------------
2026-05-11 20:57:49,502 - INFO - Train - Loss: 0.024424, Acc: 99.50%
2026-05-11 20:57:49,502 - INFO - Val   - Loss: 0.039414, Acc: 98.47%
2026-05-11 20:57:49,502 - INFO - No improvement for 18 epoch(s)
2026-05-11 20:57:50,131 - INFO - Epoch time: 9s

2026-05-11 20:57:50,132 - INFO - Epoch 116/200 --------------------------------------------------
2026-05-11 20:57:57,271 - INFO - Train - Loss: 0.022002, Acc: 99.33%
2026-05-11 20:57:57,271 - INFO - Val   - Loss: 0.038494, Acc: 98.47%
2026-05-11 20:57:57,271 - INFO - No improvement for 19 epoch(s)
2026-05-11 20:57:57,850 - INFO - Epoch time: 8s

2026-05-11 20:57:57,851 - INFO - Epoch 117/200 --------------------------------------------------
2026-05-11 20:58:04,835 - INFO - Train - Loss: 0.013527, Acc: 100.00%
2026-05-11 20:58:04,835 - INFO - Val   - Loss: 0.038473, Acc: 98.47%
2026-05-11 20:58:04,836 - INFO - No improvement for 20 epoch(s)
2026-05-11 20:58:05,420 - INFO - Epoch time: 8s

2026-05-11 20:58:05,421 - INFO - Epoch 118/200 --------------------------------------------------
2026-05-11 20:58:12,478 - INFO - Train - Loss: 0.018936, Acc: 99.83%
2026-05-11 20:58:12,478 - INFO - Val   - Loss: 0.037874, Acc: 98.47%
2026-05-11 20:58:12,478 - INFO - No improvement for 21 epoch(s)
2026-05-11 20:58:13,084 - INFO - Epoch time: 8s

2026-05-11 20:58:13,085 - INFO - Epoch 119/200 --------------------------------------------------
2026-05-11 20:58:20,263 - INFO - Train - Loss: 0.020865, Acc: 99.50%
2026-05-11 20:58:20,263 - INFO - Val   - Loss: 0.038358, Acc: 98.47%
2026-05-11 20:58:20,263 - INFO - No improvement for 22 epoch(s)
2026-05-11 20:58:20,858 - INFO - Epoch time: 8s

2026-05-11 20:58:20,858 - INFO - Epoch 120/200 --------------------------------------------------
2026-05-11 20:58:28,040 - INFO - Train - Loss: 0.018662, Acc: 99.83%
2026-05-11 20:58:28,041 - INFO - Val   - Loss: 0.037959, Acc: 98.47%
2026-05-11 20:58:28,041 - INFO - No improvement for 23 epoch(s)
2026-05-11 20:58:28,630 - INFO - Epoch time: 8s

2026-05-11 20:58:28,631 - INFO - Epoch 121/200 --------------------------------------------------
2026-05-11 20:58:35,778 - INFO - Train - Loss: 0.017533, Acc: 99.67%
2026-05-11 20:58:35,779 - INFO - Val   - Loss: 0.037459, Acc: 98.47%
2026-05-11 20:58:35,779 - INFO - No improvement for 24 epoch(s)
2026-05-11 20:58:36,382 - INFO - Epoch time: 8s

2026-05-11 20:58:36,383 - INFO - Epoch 122/200 --------------------------------------------------
2026-05-11 20:58:43,678 - INFO - Train - Loss: 0.014970, Acc: 100.00%
2026-05-11 20:58:43,679 - INFO - Val   - Loss: 0.037415, Acc: 98.47%
2026-05-11 20:58:43,680 - INFO - No improvement for 25 epoch(s)
2026-05-11 20:58:44,287 - INFO - Epoch time: 8s

2026-05-11 20:58:44,288 - INFO - Epoch 123/200 --------------------------------------------------
2026-05-11 20:58:51,442 - INFO - Train - Loss: 0.013930, Acc: 100.00%
2026-05-11 20:58:51,443 - INFO - Val   - Loss: 0.037597, Acc: 98.47%
2026-05-11 20:58:51,443 - INFO - No improvement for 26 epoch(s)
2026-05-11 20:58:52,037 - INFO - Epoch time: 8s

2026-05-11 20:58:52,038 - INFO - Epoch 124/200 --------------------------------------------------
2026-05-11 20:58:59,109 - INFO - Train - Loss: 0.019146, Acc: 99.83%
2026-05-11 20:58:59,110 - INFO - Val   - Loss: 0.036767, Acc: 98.47%
2026-05-11 20:58:59,110 - INFO - No improvement for 27 epoch(s)
2026-05-11 20:58:59,702 - INFO - Epoch time: 8s

2026-05-11 20:58:59,703 - INFO - Epoch 125/200 --------------------------------------------------
2026-05-11 20:59:06,904 - INFO - Train - Loss: 0.015132, Acc: 99.67%
2026-05-11 20:59:06,905 - INFO - Val   - Loss: 0.036609, Acc: 98.47%
2026-05-11 20:59:06,905 - INFO - No improvement for 28 epoch(s)
2026-05-11 20:59:07,492 - INFO - Epoch time: 8s

2026-05-11 20:59:07,493 - INFO - Epoch 126/200 --------------------------------------------------
2026-05-11 20:59:14,680 - INFO - Train - Loss: 0.018927, Acc: 99.67%
2026-05-11 20:59:14,680 - INFO - Val   - Loss: 0.037761, Acc: 98.47%
2026-05-11 20:59:14,680 - INFO - No improvement for 29 epoch(s)
2026-05-11 20:59:15,280 - INFO - Epoch time: 8s

2026-05-11 20:59:15,281 - INFO - Epoch 127/200 --------------------------------------------------
2026-05-11 20:59:22,409 - INFO - Train - Loss: 0.016197, Acc: 99.83%
2026-05-11 20:59:22,409 - INFO - Val   - Loss: 0.037930, Acc: 98.47%
2026-05-11 20:59:22,410 - INFO - No improvement for 30 epoch(s)
2026-05-11 20:59:23,171 - INFO - Epoch time: 8s

2026-05-11 20:59:23,171 - INFO - Epoch 128/200 --------------------------------------------------
2026-05-11 20:59:30,675 - INFO - Train - Loss: 0.015593, Acc: 99.67%
2026-05-11 20:59:30,676 - INFO - Val   - Loss: 0.037188, Acc: 98.47%
2026-05-11 20:59:30,676 - INFO - No improvement for 31 epoch(s)
2026-05-11 20:59:31,329 - INFO - Epoch time: 8s

2026-05-11 20:59:31,330 - INFO - Epoch 129/200 --------------------------------------------------
2026-05-11 20:59:38,428 - INFO - Train - Loss: 0.017742, Acc: 99.67%
2026-05-11 20:59:38,428 - INFO - Val   - Loss: 0.037384, Acc: 99.24%
2026-05-11 20:59:38,428 - INFO - No improvement for 32 epoch(s)
2026-05-11 20:59:39,028 - INFO - Epoch time: 8s

2026-05-11 20:59:39,029 - INFO - Epoch 130/200 --------------------------------------------------
2026-05-11 20:59:46,420 - INFO - Train - Loss: 0.016981, Acc: 99.83%
2026-05-11 20:59:46,421 - INFO - Val   - Loss: 0.036450, Acc: 98.47%
2026-05-11 20:59:46,422 - INFO - No improvement for 33 epoch(s)
2026-05-11 20:59:47,034 - INFO - Epoch time: 8s

2026-05-11 20:59:47,036 - INFO - Epoch 131/200 --------------------------------------------------
2026-05-11 20:59:54,429 - INFO - Train - Loss: 0.016383, Acc: 99.67%
2026-05-11 20:59:54,429 - INFO - Val   - Loss: 0.036305, Acc: 98.47%
2026-05-11 20:59:54,429 - INFO - No improvement for 34 epoch(s)
2026-05-11 20:59:55,043 - INFO - Epoch time: 8s

2026-05-11 20:59:55,044 - INFO - Epoch 132/200 --------------------------------------------------
2026-05-11 21:00:02,549 - INFO - Train - Loss: 0.015568, Acc: 100.00%
2026-05-11 21:00:02,549 - INFO - Val   - Loss: 0.035706, Acc: 98.47%
2026-05-11 21:00:02,549 - INFO - No improvement for 35 epoch(s)
2026-05-11 21:00:03,252 - INFO - Epoch time: 8s

2026-05-11 21:00:03,253 - INFO - Epoch 133/200 --------------------------------------------------
2026-05-11 21:00:10,892 - INFO - Train - Loss: 0.014610, Acc: 100.00%
2026-05-11 21:00:10,892 - INFO - Val   - Loss: 0.036252, Acc: 98.47%
2026-05-11 21:00:10,893 - INFO - No improvement for 36 epoch(s)
2026-05-11 21:00:11,497 - INFO - Epoch time: 8s

2026-05-11 21:00:11,498 - INFO - Epoch 134/200 --------------------------------------------------
2026-05-11 21:00:19,158 - INFO - Train - Loss: 0.015447, Acc: 99.83%
2026-05-11 21:00:19,159 - INFO - Val   - Loss: 0.035997, Acc: 98.47%
2026-05-11 21:00:19,159 - INFO - No improvement for 37 epoch(s)
2026-05-11 21:00:19,765 - INFO - Epoch time: 8s

2026-05-11 21:00:19,766 - INFO - Epoch 135/200 --------------------------------------------------
2026-05-11 21:00:26,919 - INFO - Train - Loss: 0.016318, Acc: 99.83%
2026-05-11 21:00:26,919 - INFO - Val   - Loss: 0.036662, Acc: 99.24%
2026-05-11 21:00:26,919 - INFO - No improvement for 38 epoch(s)
2026-05-11 21:00:27,533 - INFO - Epoch time: 8s

2026-05-11 21:00:27,534 - INFO - Epoch 136/200 --------------------------------------------------
2026-05-11 21:00:34,986 - INFO - Train - Loss: 0.009792, Acc: 100.00%
2026-05-11 21:00:34,987 - INFO - Val   - Loss: 0.035685, Acc: 98.47%
2026-05-11 21:00:34,987 - INFO - No improvement for 39 epoch(s)
2026-05-11 21:00:35,719 - INFO - Epoch time: 8s

2026-05-11 21:00:35,720 - INFO - Epoch 137/200 --------------------------------------------------
2026-05-11 21:00:42,805 - INFO - Train - Loss: 0.013601, Acc: 99.67%
2026-05-11 21:00:42,806 - INFO - Val   - Loss: 0.035922, Acc: 98.47%
2026-05-11 21:00:42,806 - INFO - No improvement for 40 epoch(s)
2026-05-11 21:00:43,424 - INFO - Epoch time: 8s

2026-05-11 21:00:43,425 - INFO - Epoch 138/200 --------------------------------------------------
2026-05-11 21:00:51,057 - INFO - Train - Loss: 0.020771, Acc: 99.83%
2026-05-11 21:00:51,058 - INFO - Val   - Loss: 0.035922, Acc: 98.47%
2026-05-11 21:00:51,058 - INFO - No improvement for 41 epoch(s)
2026-05-11 21:00:51,671 - INFO - Epoch time: 8s

2026-05-11 21:00:51,672 - INFO - Epoch 139/200 --------------------------------------------------
2026-05-11 21:00:59,163 - INFO - Train - Loss: 0.017654, Acc: 99.83%
2026-05-11 21:00:59,163 - INFO - Val   - Loss: 0.036195, Acc: 98.47%
2026-05-11 21:00:59,164 - INFO - No improvement for 42 epoch(s)
2026-05-11 21:00:59,826 - INFO - Epoch time: 8s

2026-05-11 21:00:59,826 - INFO - Epoch 140/200 --------------------------------------------------
2026-05-11 21:01:07,393 - INFO - Train - Loss: 0.013769, Acc: 100.00%
2026-05-11 21:01:07,393 - INFO - Val   - Loss: 0.035871, Acc: 98.47%
2026-05-11 21:01:07,394 - INFO - No improvement for 43 epoch(s)
2026-05-11 21:01:08,061 - INFO - Epoch time: 8s

2026-05-11 21:01:08,061 - INFO - Epoch 141/200 --------------------------------------------------
2026-05-11 21:01:15,275 - INFO - Train - Loss: 0.012675, Acc: 99.83%
2026-05-11 21:01:15,275 - INFO - Val   - Loss: 0.035535, Acc: 98.47%
2026-05-11 21:01:15,275 - INFO - No improvement for 44 epoch(s)
2026-05-11 21:01:16,038 - INFO - Epoch time: 8s

2026-05-11 21:01:16,039 - INFO - Epoch 142/200 --------------------------------------------------
2026-05-11 21:01:23,166 - INFO - Train - Loss: 0.011556, Acc: 99.83%
2026-05-11 21:01:23,167 - INFO - Val   - Loss: 0.035834, Acc: 98.47%
2026-05-11 21:01:23,167 - INFO - No improvement for 45 epoch(s)
2026-05-11 21:01:23,771 - INFO - Epoch time: 8s

2026-05-11 21:01:23,771 - INFO - Epoch 143/200 --------------------------------------------------
2026-05-11 21:01:30,879 - INFO - Train - Loss: 0.013496, Acc: 99.83%
2026-05-11 21:01:30,879 - INFO - Val   - Loss: 0.037035, Acc: 99.24%
2026-05-11 21:01:30,880 - INFO - No improvement for 46 epoch(s)
2026-05-11 21:01:31,483 - INFO - Epoch time: 8s

2026-05-11 21:01:31,483 - INFO - Epoch 144/200 --------------------------------------------------
2026-05-11 21:01:38,549 - INFO - Train - Loss: 0.011093, Acc: 99.83%
2026-05-11 21:01:38,549 - INFO - Val   - Loss: 0.036321, Acc: 98.47%
2026-05-11 21:01:38,550 - INFO - No improvement for 47 epoch(s)
2026-05-11 21:01:39,176 - INFO - Epoch time: 8s

2026-05-11 21:01:39,177 - INFO - Epoch 145/200 --------------------------------------------------
2026-05-11 21:01:46,376 - INFO - Train - Loss: 0.010457, Acc: 100.00%
2026-05-11 21:01:46,377 - INFO - Val   - Loss: 0.036284, Acc: 98.47%
2026-05-11 21:01:46,377 - INFO - No improvement for 48 epoch(s)
2026-05-11 21:01:47,019 - INFO - Epoch time: 8s

2026-05-11 21:01:47,020 - INFO - Epoch 146/200 --------------------------------------------------
2026-05-11 21:01:54,196 - INFO - Train - Loss: 0.010745, Acc: 100.00%
2026-05-11 21:01:54,196 - INFO - Val   - Loss: 0.036313, Acc: 98.47%
2026-05-11 21:01:54,196 - INFO - No improvement for 49 epoch(s)
2026-05-11 21:01:54,815 - INFO - Epoch time: 8s

2026-05-11 21:01:54,816 - INFO - Epoch 147/200 --------------------------------------------------
2026-05-11 21:02:01,789 - INFO - Train - Loss: 0.010686, Acc: 100.00%
2026-05-11 21:02:01,789 - INFO - Val   - Loss: 0.036236, Acc: 98.47%
2026-05-11 21:02:01,789 - INFO - No improvement for 50 epoch(s)
2026-05-11 21:02:01,851 - INFO - Early stopping at epoch 147
2026-05-11 21:02:01,851 - INFO - Training complete!
2026-05-11 21:02:01,851 - INFO - Best_val_acc: 99.24%
2026-05-11 21:02:01,851 - INFO - Final_train_acc: 100.0
2026-05-11 21:02:01,852 - INFO - Final_val_acc: 0.9847328244274809
2026-05-11 21:02:01,852 - INFO - Total_epoch: 146
2026-05-11 21:02:01,852 - INFO - Total time: 0h 20m 52s
